loading train images...
0/624
50/624
100/624
150/624
200/624
250/624
300/624
350/624
400/624
450/624
500/624
550/624
600/624
loading test images...
0/66
50/66
training labels are [0, 1, 0, 1, 1, 0, 0, 0, 0, 1, 1, 1, 0, 6, 0, 0, 0, 1, 0, 1, 1, 1, 0, 0, 1, 3, 0, 1, 0, 2, 1, 1, 1, 0, 1, 1, 2, 0, 0, 1, 0, 0, 2, 0, 0, 2, 1, 0, 5, 0, 2, 1, 0, 1, 1, 0, 0, 0, 0, 0, 1, 1, 0, 0, 2, 0, 0, 1, 1, 2, 0, 1, 1, 1, 1, 1, 0, 0, 0, 0, 1, 1, 0, 0, 0, 3, 2, 1, 1, 0, 0, 0, 0, 1, 0, 1, 0, 1, 1, 1, 0, 0, 0, 0, 0, 1, 1, 0, 1, 6, 1, 3, 1, 0, 1, 1, 0, 1, 2, 1, 0, 1, 0, 1, 1, 1, 0, 1, 0, 1, 0, 0, 1, 1, 0, 0, 2, 0, 1, 1, 1, 1, 0, 1, 0, 0, 0, 1, 1, 1, 0, 1, 1, 1, 2, 1, 1, 0, 1, 0, 1, 0, 0, 0, 2, 1, 0, 2, 2, 0, 0, 0, 1, 1, 0, 0, 1, 1, 0, 0, 1, 0, 0, 1, 2, 1, 0, 0, 0, 0, 1, 1, 1, 1, 1, 0, 1, 0, 1, 1, 2, 0, 1, 2, 1, 1, 2, 0, 1, 8, 0, 1, 0, 0, 1, 1, 0, 1, 1, 1, 0, 1, 1, 0, 0, 0, 0, 1, 0, 0, 3, 0, 0, 3, 0, 1, 0, 0, 1, 1, 1, 0, 0, 0, 0, 1, 1, 1, 0, 1, 0, 1, 0, 0, 0, 0, 1, 0, 1, 1, 0, 3, 1, 4, 1, 2, 1, 0, 2, 1, 1, 0, 1, 0, 1, 0, 1, 5, 1, 0, 1, 1, 0, 2, 0, 1, 0, 1, 1, 0, 0, 0, 2, 0, 0, 1, 0, 0, 0, 0, 0, 0, 0, 0, 1, 1, 0, 3, 1, 2, 0, 1, 0, 0, 0, 0, 2, 0, 0, 1, 0, 1, 0, 2, 1, 0, 1, 0, 0, 1, 1, 0, 1, 1, 0, 0, 0, 0, 1, 2, 1, 0, 1, 1, 1, 0, 0, 1, 0, 0, 1, 0, 1, 0, 0, 1, 1, 2, 0, 1, 1, 1, 0, 0, 1, 0, 2, 0, 1, 0, 1, 1, 1, 1, 1, 1, 0, 1, 1, 1, 1, 0, 0, 1, 1, 1, 0, 1, 1, 1, 1, 1, 0, 0, 0, 0, 0, 2, 0, 0, 0, 0, 1, 1, 0, 0, 0, 0, 0, 0, 1, 0, 1, 1, 1, 1, 0, 1, 0, 1, 1, 1, 1, 1, 0, 0, 0, 0, 1, 2, 1, 1, 2, 0, 0, 0, 0, 0, 0, 1, 1, 5, 1, 0, 0, 1, 1, 1, 0, 1, 4, 1, 1, 1, 0, 3, 0, 1, 1, 1, 1, 0, 0, 0, 0, 1, 0, 0, 1, 0, 1, 1, 0, 1, 1, 0, 1, 1, 1, 1, 0, 0, 2, 0, 1, 1, 1, 1, 1, 1, 1, 1, 0, 3, 0, 1, 1, 1, 1, 0, 0, 0, 1, 1, 2, 1, 3, 1, 1, 0, 1, 2, 0, 1, 4, 1, 0, 0, 0, 0, 0, 1, 2, 1, 1, 2, 1, 0, 0, 0, 0, 1, 1, 1, 1, 1, 1, 0, 0, 0, 2, 1, 1, 3, 1, 1, 1, 0, 1, 0, 1, 0, 1, 1, 0, 0, 1, 0, 0, 1, 0, 1, 0, 0, 1, 1, 0, 1, 0, 0, 0, 1, 0, 2, 2, 1, 0, 1, 0, 1, 0, 0, 0, 0, 1, 1, 0, 2, 0, 1, 1, 0, 0, 1, 0, 0, 0, 1, 1, 0, 3, 0, 0, 0, 1, 1, 0, 1, 1, 1, 0, 1, 0, 1, 0, 0, 1, 1, 1, 0, 0, 1, 0, 1]
Initilizing tensorflow variables...
Done initilizing tensorflow variables.
[94m
Starting epoch 0/10 of training...[0m

Training on image 0/624...
Evaluating train accuracy during epoch 0...
[93mStep 0, training accuracy is 0.55 [0m
Evaluating test accuracy during epoch 0...
[92mStep 0, test accuracy is 0.5 [0m
Training on image 3/624...
Training on image 6/624...
Training on image 9/624...
Evaluating train accuracy during epoch 0...
[93mStep 10, training accuracy is 0.4 [0m
Evaluating test accuracy during epoch 0...
[92mStep 10, test accuracy is 0.4 [0m
Training on image 12/624...
Training on image 15/624...
Training on image 18/624...
Evaluating train accuracy during epoch 0...
[93mStep 20, training accuracy is 0.6 [0m
Evaluating test accuracy during epoch 0...
[92mStep 20, test accuracy is 0.35 [0m
Training on image 21/624...
Training on image 24/624...
Training on image 27/624...
Training on image 30/624...
Evaluating train accuracy during epoch 0...
[93mStep 30, training accuracy is 0.4 [0m
Evaluating test accuracy during epoch 0...
[92mStep 30, test accuracy is 0.25 [0m
Training on image 33/624...
Training on image 36/624...
Traceback (most recent call last):
  File "subLetNet.py", line 202, in <module>
    train_step.run(feed_dict={x: [img], y_: [label], keep_prob: 0.5})
  File "/home/adam/miniconda2/envs/tfcpu/lib/python2.7/site-packages/tensorflow/python/framework/ops.py", line 1560, in run
    _run_using_default_session(self, feed_dict, self.graph, session)
  File "/home/adam/miniconda2/envs/tfcpu/lib/python2.7/site-packages/tensorflow/python/framework/ops.py", line 3691, in _run_using_default_session
    session.run(operation, feed_dict)
  File "/home/adam/miniconda2/envs/tfcpu/lib/python2.7/site-packages/tensorflow/python/client/session.py", line 710, in run
    run_metadata_ptr)
  File "/home/adam/miniconda2/envs/tfcpu/lib/python2.7/site-packages/tensorflow/python/client/session.py", line 908, in _run
    feed_dict_string, options, run_metadata)
  File "/home/adam/miniconda2/envs/tfcpu/lib/python2.7/site-packages/tensorflow/python/client/session.py", line 958, in _do_run
    target_list, options, run_metadata)
  File "/home/adam/miniconda2/envs/tfcpu/lib/python2.7/site-packages/tensorflow/python/client/session.py", line 965, in _do_call
    return fn(*args)
  File "/home/adam/miniconda2/envs/tfcpu/lib/python2.7/site-packages/tensorflow/python/client/session.py", line 947, in _run_fn
    status, run_metadata)
KeyboardInterrupt
