MacBookAir2:tensorflowSource adamlesnikowski$ bazel-bin/tensorflow/examples/image_retraining/retrain --image_dir ~/subLetNet/par11_000/
Looking for images in 'quart1'
Looking for images in 'quart2'
Looking for images in 'quart3'
Looking for images in 'quart4'
100 bottleneck files created.
200 bottleneck files created.
300 bottleneck files created.
400 bottleneck files created.
500 bottleneck files created.
600 bottleneck files created.
700 bottleneck files created.
800 bottleneck files created.
900 bottleneck files created.
1000 bottleneck files created.
1100 bottleneck files created.
1200 bottleneck files created.
1300 bottleneck files created.
1400 bottleneck files created.
1500 bottleneck files created.
1600 bottleneck files created.
1700 bottleneck files created.
1800 bottleneck files created.
1900 bottleneck files created.
2000 bottleneck files created.
2100 bottleneck files created.
2200 bottleneck files created.
2300 bottleneck files created.
2400 bottleneck files created.
2500 bottleneck files created.
2600 bottleneck files created.
2700 bottleneck files created.
2800 bottleneck files created.
2900 bottleneck files created.
3000 bottleneck files created.
3100 bottleneck files created.
3200 bottleneck files created.
3300 bottleneck files created.
3400 bottleneck files created.
3500 bottleneck files created.
3600 bottleneck files created.
3700 bottleneck files created.
3800 bottleneck files created.
3900 bottleneck files created.
4000 bottleneck files created.
4100 bottleneck files created.
4200 bottleneck files created.
4300 bottleneck files created.
4400 bottleneck files created.
4500 bottleneck files created.
4600 bottleneck files created.
4700 bottleneck files created.
4800 bottleneck files created.
4900 bottleneck files created.
5000 bottleneck files created.
5100 bottleneck files created.
5200 bottleneck files created.
5300 bottleneck files created.
5400 bottleneck files created.
5500 bottleneck files created.
5600 bottleneck files created.
5700 bottleneck files created.
5800 bottleneck files created.
5900 bottleneck files created.
6000 bottleneck files created.
6100 bottleneck files created.
6200 bottleneck files created.
6300 bottleneck files created.
6400 bottleneck files created.
6500 bottleneck files created.
6600 bottleneck files created.
6700 bottleneck files created.
6800 bottleneck files created.
6900 bottleneck files created.
7000 bottleneck files created.
7100 bottleneck files created.
7200 bottleneck files created.
7300 bottleneck files created.
7400 bottleneck files created.
7500 bottleneck files created.
7600 bottleneck files created.
7700 bottleneck files created.
7800 bottleneck files created.
7900 bottleneck files created.
8000 bottleneck files created.
8100 bottleneck files created.
8200 bottleneck files created.
8300 bottleneck files created.
8400 bottleneck files created.
8500 bottleneck files created.
8600 bottleneck files created.
8700 bottleneck files created.
8800 bottleneck files created.
8900 bottleneck files created.
9000 bottleneck files created.
9100 bottleneck files created.
9200 bottleneck files created.
9300 bottleneck files created.
9400 bottleneck files created.
9500 bottleneck files created.
9600 bottleneck files created.
9700 bottleneck files created.
9800 bottleneck files created.
9900 bottleneck files created.
10000 bottleneck files created.
10100 bottleneck files created.
10200 bottleneck files created.
10300 bottleneck files created.
10400 bottleneck files created.
10500 bottleneck files created.
10600 bottleneck files created.
10700 bottleneck files created.
10800 bottleneck files created.
10900 bottleneck files created.
11000 bottleneck files created.
11100 bottleneck files created.
11200 bottleneck files created.
11300 bottleneck files created.
11400 bottleneck files created.
11500 bottleneck files created.
2016-11-09 14:31:42.164949: Step 0: Train accuracy = 30.0%
2016-11-09 14:31:42.166336: Step 0: Cross entropy = 1.373281
2016-11-09 14:31:42.384301: Step 0: Validation accuracy = 34.0%
2016-11-09 14:31:44.272552: Step 10: Train accuracy = 31.0%
2016-11-09 14:31:44.272607: Step 10: Cross entropy = 1.355625
2016-11-09 14:31:44.449798: Step 10: Validation accuracy = 35.0%
2016-11-09 14:31:46.251685: Step 20: Train accuracy = 31.0%
2016-11-09 14:31:46.251735: Step 20: Cross entropy = 1.355298
2016-11-09 14:31:46.415639: Step 20: Validation accuracy = 27.0%
2016-11-09 14:31:48.160621: Step 30: Train accuracy = 34.0%
2016-11-09 14:31:48.160670: Step 30: Cross entropy = 1.331701
2016-11-09 14:31:48.328628: Step 30: Validation accuracy = 24.0%
2016-11-09 14:31:50.047901: Step 40: Train accuracy = 34.0%
2016-11-09 14:31:50.047956: Step 40: Cross entropy = 1.312820
2016-11-09 14:31:50.214834: Step 40: Validation accuracy = 35.0%
2016-11-09 14:31:51.822311: Step 50: Train accuracy = 47.0%
2016-11-09 14:31:51.822360: Step 50: Cross entropy = 1.303018
2016-11-09 14:31:51.976630: Step 50: Validation accuracy = 30.0%
2016-11-09 14:31:53.525605: Step 60: Train accuracy = 45.0%
2016-11-09 14:31:53.525653: Step 60: Cross entropy = 1.275097
2016-11-09 14:31:53.670522: Step 60: Validation accuracy = 40.0%
2016-11-09 14:31:55.155071: Step 70: Train accuracy = 41.0%
2016-11-09 14:31:55.155123: Step 70: Cross entropy = 1.295114
2016-11-09 14:31:55.307834: Step 70: Validation accuracy = 34.0%
2016-11-09 14:31:56.747417: Step 80: Train accuracy = 54.0%
2016-11-09 14:31:56.747466: Step 80: Cross entropy = 1.259183
2016-11-09 14:31:56.894839: Step 80: Validation accuracy = 42.0%
2016-11-09 14:31:58.278647: Step 90: Train accuracy = 47.0%
2016-11-09 14:31:58.278704: Step 90: Cross entropy = 1.259052
2016-11-09 14:31:58.425708: Step 90: Validation accuracy = 38.0%
2016-11-09 14:31:59.802360: Step 100: Train accuracy = 48.0%
2016-11-09 14:31:59.802410: Step 100: Cross entropy = 1.273724
2016-11-09 14:31:59.944041: Step 100: Validation accuracy = 41.0%
2016-11-09 14:32:01.280820: Step 110: Train accuracy = 46.0%
2016-11-09 14:32:01.280870: Step 110: Cross entropy = 1.301015
2016-11-09 14:32:01.423178: Step 110: Validation accuracy = 36.0%
2016-11-09 14:32:02.727466: Step 120: Train accuracy = 39.0%
2016-11-09 14:32:02.727528: Step 120: Cross entropy = 1.275406
2016-11-09 14:32:02.859048: Step 120: Validation accuracy = 34.0%
2016-11-09 14:32:04.134072: Step 130: Train accuracy = 44.0%
2016-11-09 14:32:04.134122: Step 130: Cross entropy = 1.245624
2016-11-09 14:32:04.276637: Step 130: Validation accuracy = 37.0%
2016-11-09 14:32:05.550387: Step 140: Train accuracy = 36.0%
2016-11-09 14:32:05.550436: Step 140: Cross entropy = 1.323540
2016-11-09 14:32:05.674913: Step 140: Validation accuracy = 33.0%
2016-11-09 14:32:06.926337: Step 150: Train accuracy = 38.0%
2016-11-09 14:32:06.926386: Step 150: Cross entropy = 1.285337
2016-11-09 14:32:07.052432: Step 150: Validation accuracy = 41.0%
2016-11-09 14:32:08.318969: Step 160: Train accuracy = 46.0%
2016-11-09 14:32:08.319030: Step 160: Cross entropy = 1.225530
2016-11-09 14:32:08.447275: Step 160: Validation accuracy = 41.0%
2016-11-09 14:32:09.669586: Step 170: Train accuracy = 48.0%
2016-11-09 14:32:09.669634: Step 170: Cross entropy = 1.253961
2016-11-09 14:32:09.799494: Step 170: Validation accuracy = 31.0%
2016-11-09 14:32:10.953369: Step 180: Train accuracy = 41.0%
2016-11-09 14:32:10.953422: Step 180: Cross entropy = 1.269655
2016-11-09 14:32:11.077795: Step 180: Validation accuracy = 47.0%
2016-11-09 14:32:12.278009: Step 190: Train accuracy = 41.0%
2016-11-09 14:32:12.278247: Step 190: Cross entropy = 1.244701
2016-11-09 14:32:12.395667: Step 190: Validation accuracy = 34.0%
2016-11-09 14:32:13.540283: Step 200: Train accuracy = 46.0%
2016-11-09 14:32:13.540333: Step 200: Cross entropy = 1.221902
2016-11-09 14:32:13.648713: Step 200: Validation accuracy = 33.0%
2016-11-09 14:32:14.793327: Step 210: Train accuracy = 36.0%
2016-11-09 14:32:14.793376: Step 210: Cross entropy = 1.314840
2016-11-09 14:32:14.894583: Step 210: Validation accuracy = 33.0%
2016-11-09 14:32:15.998952: Step 220: Train accuracy = 45.0%
2016-11-09 14:32:15.999001: Step 220: Cross entropy = 1.265560
2016-11-09 14:32:16.117225: Step 220: Validation accuracy = 43.0%
2016-11-09 14:32:17.237164: Step 230: Train accuracy = 39.0%
2016-11-09 14:32:17.237216: Step 230: Cross entropy = 1.278592
2016-11-09 14:32:17.341292: Step 230: Validation accuracy = 30.0%
2016-11-09 14:32:18.401951: Step 240: Train accuracy = 47.0%
2016-11-09 14:32:18.402000: Step 240: Cross entropy = 1.238305
2016-11-09 14:32:18.512757: Step 240: Validation accuracy = 34.0%
2016-11-09 14:32:19.624277: Step 250: Train accuracy = 39.0%
2016-11-09 14:32:19.624396: Step 250: Cross entropy = 1.289639
2016-11-09 14:32:19.736388: Step 250: Validation accuracy = 44.0%
2016-11-09 14:32:20.848951: Step 260: Train accuracy = 48.0%
2016-11-09 14:32:20.849002: Step 260: Cross entropy = 1.254579
2016-11-09 14:32:20.968453: Step 260: Validation accuracy = 42.0%
2016-11-09 14:32:22.016820: Step 270: Train accuracy = 42.0%
2016-11-09 14:32:22.016868: Step 270: Cross entropy = 1.240867
2016-11-09 14:32:22.133501: Step 270: Validation accuracy = 37.0%
2016-11-09 14:32:23.171501: Step 280: Train accuracy = 40.0%
2016-11-09 14:32:23.172057: Step 280: Cross entropy = 1.289780
2016-11-09 14:32:23.279994: Step 280: Validation accuracy = 32.0%
2016-11-09 14:32:24.355162: Step 290: Train accuracy = 44.0%
2016-11-09 14:32:24.355212: Step 290: Cross entropy = 1.275435
2016-11-09 14:32:24.466896: Step 290: Validation accuracy = 46.0%
2016-11-09 14:32:25.516451: Step 300: Train accuracy = 44.0%
2016-11-09 14:32:25.516517: Step 300: Cross entropy = 1.251822
2016-11-09 14:32:25.626690: Step 300: Validation accuracy = 41.0%
2016-11-09 14:32:26.728856: Step 310: Train accuracy = 46.0%
2016-11-09 14:32:26.728908: Step 310: Cross entropy = 1.209858
2016-11-09 14:32:26.836835: Step 310: Validation accuracy = 39.0%
2016-11-09 14:32:27.898012: Step 320: Train accuracy = 46.0%
2016-11-09 14:32:27.898060: Step 320: Cross entropy = 1.260054
2016-11-09 14:32:28.005206: Step 320: Validation accuracy = 42.0%
2016-11-09 14:32:29.054498: Step 330: Train accuracy = 50.0%
2016-11-09 14:32:29.054547: Step 330: Cross entropy = 1.234454
2016-11-09 14:32:29.154661: Step 330: Validation accuracy = 34.0%
2016-11-09 14:32:30.217651: Step 340: Train accuracy = 45.0%
2016-11-09 14:32:30.217712: Step 340: Cross entropy = 1.258009
2016-11-09 14:32:30.337124: Step 340: Validation accuracy = 35.0%
2016-11-09 14:32:31.400789: Step 350: Train accuracy = 47.0%
2016-11-09 14:32:31.400840: Step 350: Cross entropy = 1.270710
2016-11-09 14:32:31.515053: Step 350: Validation accuracy = 35.0%
2016-11-09 14:32:32.574174: Step 360: Train accuracy = 47.0%
2016-11-09 14:32:32.574246: Step 360: Cross entropy = 1.183184
2016-11-09 14:32:32.692169: Step 360: Validation accuracy = 43.0%
2016-11-09 14:32:33.761947: Step 370: Train accuracy = 48.0%
2016-11-09 14:32:33.761999: Step 370: Cross entropy = 1.208932
2016-11-09 14:32:33.865817: Step 370: Validation accuracy = 43.0%
2016-11-09 14:32:34.875167: Step 380: Train accuracy = 49.0%
2016-11-09 14:32:34.875219: Step 380: Cross entropy = 1.202205
2016-11-09 14:32:34.974413: Step 380: Validation accuracy = 43.0%
2016-11-09 14:32:36.005639: Step 390: Train accuracy = 48.0%
2016-11-09 14:32:36.005690: Step 390: Cross entropy = 1.170322
2016-11-09 14:32:36.132063: Step 390: Validation accuracy = 40.0%
2016-11-09 14:32:37.203483: Step 400: Train accuracy = 43.0%
2016-11-09 14:32:37.203531: Step 400: Cross entropy = 1.279798
2016-11-09 14:32:37.307769: Step 400: Validation accuracy = 40.0%
2016-11-09 14:32:38.363107: Step 410: Train accuracy = 47.0%
2016-11-09 14:32:38.363156: Step 410: Cross entropy = 1.258579
2016-11-09 14:32:38.472227: Step 410: Validation accuracy = 39.0%
2016-11-09 14:32:39.534062: Step 420: Train accuracy = 42.0%
2016-11-09 14:32:39.534112: Step 420: Cross entropy = 1.229948
2016-11-09 14:32:39.649767: Step 420: Validation accuracy = 35.0%
2016-11-09 14:32:40.778815: Step 430: Train accuracy = 47.0%
2016-11-09 14:32:40.778865: Step 430: Cross entropy = 1.215690
2016-11-09 14:32:40.885723: Step 430: Validation accuracy = 44.0%
2016-11-09 14:32:41.943651: Step 440: Train accuracy = 45.0%
2016-11-09 14:32:41.943741: Step 440: Cross entropy = 1.233320
2016-11-09 14:32:42.043215: Step 440: Validation accuracy = 48.0%
2016-11-09 14:32:43.172100: Step 450: Train accuracy = 45.0%
2016-11-09 14:32:43.172154: Step 450: Cross entropy = 1.219038
2016-11-09 14:32:43.288702: Step 450: Validation accuracy = 34.0%
2016-11-09 14:32:44.362152: Step 460: Train accuracy = 42.0%
2016-11-09 14:32:44.362209: Step 460: Cross entropy = 1.266407
2016-11-09 14:32:44.464757: Step 460: Validation accuracy = 38.0%
2016-11-09 14:32:45.593618: Step 470: Train accuracy = 42.0%
2016-11-09 14:32:45.593669: Step 470: Cross entropy = 1.284367
2016-11-09 14:32:45.702649: Step 470: Validation accuracy = 28.0%
2016-11-09 14:32:46.802979: Step 480: Train accuracy = 54.0%
2016-11-09 14:32:46.803029: Step 480: Cross entropy = 1.214745
2016-11-09 14:32:46.903177: Step 480: Validation accuracy = 40.0%
2016-11-09 14:32:47.960721: Step 490: Train accuracy = 51.0%
2016-11-09 14:32:47.960774: Step 490: Cross entropy = 1.248279
2016-11-09 14:32:48.070548: Step 490: Validation accuracy = 42.0%
2016-11-09 14:32:49.198349: Step 500: Train accuracy = 47.0%
2016-11-09 14:32:49.198428: Step 500: Cross entropy = 1.228048
2016-11-09 14:32:49.308042: Step 500: Validation accuracy = 36.0%
2016-11-09 14:32:50.426403: Step 510: Train accuracy = 39.0%
2016-11-09 14:32:50.426466: Step 510: Cross entropy = 1.246670
2016-11-09 14:32:50.540152: Step 510: Validation accuracy = 37.0%
2016-11-09 14:32:51.648220: Step 520: Train accuracy = 51.0%
2016-11-09 14:32:51.648270: Step 520: Cross entropy = 1.186246
2016-11-09 14:32:51.743335: Step 520: Validation accuracy = 39.0%
2016-11-09 14:32:52.801339: Step 530: Train accuracy = 42.0%
2016-11-09 14:32:52.801389: Step 530: Cross entropy = 1.254526
2016-11-09 14:32:52.915929: Step 530: Validation accuracy = 37.0%
2016-11-09 14:32:53.958853: Step 540: Train accuracy = 46.0%
2016-11-09 14:32:53.958909: Step 540: Cross entropy = 1.212727
2016-11-09 14:32:54.068180: Step 540: Validation accuracy = 40.0%
2016-11-09 14:32:55.171572: Step 550: Train accuracy = 43.0%
2016-11-09 14:32:55.171631: Step 550: Cross entropy = 1.315391
2016-11-09 14:32:55.278189: Step 550: Validation accuracy = 37.0%
2016-11-09 14:32:56.341421: Step 560: Train accuracy = 45.0%
2016-11-09 14:32:56.341468: Step 560: Cross entropy = 1.210261
2016-11-09 14:32:56.447284: Step 560: Validation accuracy = 47.0%
2016-11-09 14:32:57.526965: Step 570: Train accuracy = 39.0%
2016-11-09 14:32:57.527012: Step 570: Cross entropy = 1.251367
2016-11-09 14:32:57.628193: Step 570: Validation accuracy = 40.0%
2016-11-09 14:32:58.680926: Step 580: Train accuracy = 50.0%
2016-11-09 14:32:58.680976: Step 580: Cross entropy = 1.135539
2016-11-09 14:32:58.786495: Step 580: Validation accuracy = 36.0%
2016-11-09 14:32:59.831450: Step 590: Train accuracy = 44.0%
2016-11-09 14:32:59.831499: Step 590: Cross entropy = 1.252417
2016-11-09 14:32:59.937061: Step 590: Validation accuracy = 28.0%
2016-11-09 14:33:00.971793: Step 600: Train accuracy = 43.0%
2016-11-09 14:33:00.971842: Step 600: Cross entropy = 1.204368
2016-11-09 14:33:01.064119: Step 600: Validation accuracy = 29.0%
2016-11-09 14:33:02.073907: Step 610: Train accuracy = 46.0%
2016-11-09 14:33:02.073956: Step 610: Cross entropy = 1.234886
2016-11-09 14:33:02.172565: Step 610: Validation accuracy = 30.0%
2016-11-09 14:33:03.206005: Step 620: Train accuracy = 48.0%
2016-11-09 14:33:03.206057: Step 620: Cross entropy = 1.179442
2016-11-09 14:33:03.316689: Step 620: Validation accuracy = 37.0%
2016-11-09 14:33:04.339501: Step 630: Train accuracy = 40.0%
2016-11-09 14:33:04.339553: Step 630: Cross entropy = 1.280020
2016-11-09 14:33:04.448039: Step 630: Validation accuracy = 35.0%
2016-11-09 14:33:05.498330: Step 640: Train accuracy = 47.0%
2016-11-09 14:33:05.498382: Step 640: Cross entropy = 1.188964
2016-11-09 14:33:05.605912: Step 640: Validation accuracy = 42.0%
2016-11-09 14:33:06.648005: Step 650: Train accuracy = 44.0%
2016-11-09 14:33:06.648054: Step 650: Cross entropy = 1.225734
2016-11-09 14:33:06.753651: Step 650: Validation accuracy = 37.0%
2016-11-09 14:33:07.796426: Step 660: Train accuracy = 49.0%
2016-11-09 14:33:07.796479: Step 660: Cross entropy = 1.204664
2016-11-09 14:33:07.896149: Step 660: Validation accuracy = 40.0%
2016-11-09 14:33:08.927349: Step 670: Train accuracy = 48.0%
2016-11-09 14:33:08.927401: Step 670: Cross entropy = 1.121937
2016-11-09 14:33:09.028966: Step 670: Validation accuracy = 35.0%
2016-11-09 14:33:10.081625: Step 680: Train accuracy = 38.0%
2016-11-09 14:33:10.081676: Step 680: Cross entropy = 1.220701
2016-11-09 14:33:10.185502: Step 680: Validation accuracy = 34.0%
2016-11-09 14:33:11.210997: Step 690: Train accuracy = 44.0%
2016-11-09 14:33:11.211051: Step 690: Cross entropy = 1.168284
2016-11-09 14:33:11.307944: Step 690: Validation accuracy = 39.0%
2016-11-09 14:33:12.313829: Step 700: Train accuracy = 45.0%
2016-11-09 14:33:12.313885: Step 700: Cross entropy = 1.192325
2016-11-09 14:33:12.410426: Step 700: Validation accuracy = 32.0%
2016-11-09 14:33:13.473819: Step 710: Train accuracy = 48.0%
2016-11-09 14:33:13.473871: Step 710: Cross entropy = 1.187267
2016-11-09 14:33:13.568726: Step 710: Validation accuracy = 33.0%
2016-11-09 14:33:14.630587: Step 720: Train accuracy = 43.0%
2016-11-09 14:33:14.630638: Step 720: Cross entropy = 1.295740
2016-11-09 14:33:14.732743: Step 720: Validation accuracy = 44.0%
2016-11-09 14:33:15.795725: Step 730: Train accuracy = 40.0%
2016-11-09 14:33:15.795778: Step 730: Cross entropy = 1.240318
2016-11-09 14:33:15.899791: Step 730: Validation accuracy = 42.0%
2016-11-09 14:33:16.958181: Step 740: Train accuracy = 58.0%
2016-11-09 14:33:16.958938: Step 740: Cross entropy = 1.099526
2016-11-09 14:33:17.060540: Step 740: Validation accuracy = 34.0%
2016-11-09 14:33:18.088284: Step 750: Train accuracy = 48.0%
2016-11-09 14:33:18.088333: Step 750: Cross entropy = 1.214159
2016-11-09 14:33:18.181626: Step 750: Validation accuracy = 42.0%
2016-11-09 14:33:19.249987: Step 760: Train accuracy = 43.0%
2016-11-09 14:33:19.250043: Step 760: Cross entropy = 1.247267
2016-11-09 14:33:19.349419: Step 760: Validation accuracy = 39.0%
2016-11-09 14:33:20.414288: Step 770: Train accuracy = 51.0%
2016-11-09 14:33:20.414346: Step 770: Cross entropy = 1.173407
2016-11-09 14:33:20.520731: Step 770: Validation accuracy = 29.0%
2016-11-09 14:33:21.578478: Step 780: Train accuracy = 46.0%
2016-11-09 14:33:21.578543: Step 780: Cross entropy = 1.171537
2016-11-09 14:33:21.675255: Step 780: Validation accuracy = 49.0%
2016-11-09 14:33:22.717622: Step 790: Train accuracy = 42.0%
2016-11-09 14:33:22.717675: Step 790: Cross entropy = 1.204475
2016-11-09 14:33:22.816438: Step 790: Validation accuracy = 41.0%
2016-11-09 14:33:23.874719: Step 800: Train accuracy = 45.0%
2016-11-09 14:33:23.874778: Step 800: Cross entropy = 1.200658
2016-11-09 14:33:23.970659: Step 800: Validation accuracy = 32.0%
2016-11-09 14:33:25.016676: Step 810: Train accuracy = 47.0%
2016-11-09 14:33:25.016733: Step 810: Cross entropy = 1.226048
2016-11-09 14:33:25.121331: Step 810: Validation accuracy = 37.0%
2016-11-09 14:33:26.171392: Step 820: Train accuracy = 42.0%
2016-11-09 14:33:26.171447: Step 820: Cross entropy = 1.221322
2016-11-09 14:33:26.272800: Step 820: Validation accuracy = 30.0%
2016-11-09 14:33:27.303655: Step 830: Train accuracy = 52.0%
2016-11-09 14:33:27.303704: Step 830: Cross entropy = 1.152598
2016-11-09 14:33:27.402790: Step 830: Validation accuracy = 32.0%
2016-11-09 14:33:28.464127: Step 840: Train accuracy = 42.0%
2016-11-09 14:33:28.464189: Step 840: Cross entropy = 1.221125
2016-11-09 14:33:28.586608: Step 840: Validation accuracy = 37.0%
2016-11-09 14:33:29.631104: Step 850: Train accuracy = 50.0%
2016-11-09 14:33:29.631159: Step 850: Cross entropy = 1.147008
2016-11-09 14:33:29.737389: Step 850: Validation accuracy = 29.0%
2016-11-09 14:33:30.786119: Step 860: Train accuracy = 43.0%
2016-11-09 14:33:30.786172: Step 860: Cross entropy = 1.225973
2016-11-09 14:33:30.880907: Step 860: Validation accuracy = 34.0%
2016-11-09 14:33:31.974928: Step 870: Train accuracy = 49.0%
2016-11-09 14:33:31.974978: Step 870: Cross entropy = 1.223239
2016-11-09 14:33:32.078843: Step 870: Validation accuracy = 34.0%
2016-11-09 14:33:33.150446: Step 880: Train accuracy = 42.0%
2016-11-09 14:33:33.150499: Step 880: Cross entropy = 1.262471
2016-11-09 14:33:33.252959: Step 880: Validation accuracy = 46.0%
2016-11-09 14:33:34.301423: Step 890: Train accuracy = 40.0%
2016-11-09 14:33:34.301485: Step 890: Cross entropy = 1.198690
2016-11-09 14:33:34.400607: Step 890: Validation accuracy = 39.0%
2016-11-09 14:33:35.447555: Step 900: Train accuracy = 40.0%
2016-11-09 14:33:35.447632: Step 900: Cross entropy = 1.227058
2016-11-09 14:33:35.555180: Step 900: Validation accuracy = 32.0%
2016-11-09 14:33:36.619975: Step 910: Train accuracy = 45.0%
2016-11-09 14:33:36.620030: Step 910: Cross entropy = 1.227576
2016-11-09 14:33:36.721980: Step 910: Validation accuracy = 46.0%
2016-11-09 14:33:37.760492: Step 920: Train accuracy = 42.0%
2016-11-09 14:33:37.760540: Step 920: Cross entropy = 1.246876
2016-11-09 14:33:37.854586: Step 920: Validation accuracy = 40.0%
2016-11-09 14:33:38.890580: Step 930: Train accuracy = 46.0%
2016-11-09 14:33:38.890630: Step 930: Cross entropy = 1.208800
2016-11-09 14:33:38.996096: Step 930: Validation accuracy = 32.0%
2016-11-09 14:33:40.028590: Step 940: Train accuracy = 43.0%
2016-11-09 14:33:40.028642: Step 940: Cross entropy = 1.204305
2016-11-09 14:33:40.132345: Step 940: Validation accuracy = 40.0%
2016-11-09 14:33:41.178544: Step 950: Train accuracy = 54.0%
2016-11-09 14:33:41.178593: Step 950: Cross entropy = 1.164918
2016-11-09 14:33:41.277627: Step 950: Validation accuracy = 35.0%
2016-11-09 14:33:42.271514: Step 960: Train accuracy = 53.0%
2016-11-09 14:33:42.271569: Step 960: Cross entropy = 1.179241
2016-11-09 14:33:42.370678: Step 960: Validation accuracy = 41.0%
2016-11-09 14:33:43.378112: Step 970: Train accuracy = 53.0%
2016-11-09 14:33:43.378169: Step 970: Cross entropy = 1.191892
2016-11-09 14:33:43.475580: Step 970: Validation accuracy = 42.0%
2016-11-09 14:33:44.542128: Step 980: Train accuracy = 48.0%
2016-11-09 14:33:44.542177: Step 980: Cross entropy = 1.269494
2016-11-09 14:33:44.641283: Step 980: Validation accuracy = 42.0%
2016-11-09 14:33:45.679817: Step 990: Train accuracy = 48.0%
2016-11-09 14:33:45.679880: Step 990: Cross entropy = 1.192731
2016-11-09 14:33:45.783266: Step 990: Validation accuracy = 37.0%
2016-11-09 14:33:46.787676: Step 1000: Train accuracy = 47.0%
2016-11-09 14:33:46.787731: Step 1000: Cross entropy = 1.239218
2016-11-09 14:33:46.888346: Step 1000: Validation accuracy = 45.0%
2016-11-09 14:33:47.935681: Step 1010: Train accuracy = 55.0%
2016-11-09 14:33:47.935737: Step 1010: Cross entropy = 1.154806
2016-11-09 14:33:48.035888: Step 1010: Validation accuracy = 33.0%
2016-11-09 14:33:49.064491: Step 1020: Train accuracy = 46.0%
2016-11-09 14:33:49.064547: Step 1020: Cross entropy = 1.218243
2016-11-09 14:33:49.162833: Step 1020: Validation accuracy = 38.0%
2016-11-09 14:33:50.214605: Step 1030: Train accuracy = 50.0%
2016-11-09 14:33:50.214667: Step 1030: Cross entropy = 1.145634
2016-11-09 14:33:50.340517: Step 1030: Validation accuracy = 37.0%
2016-11-09 14:33:51.389754: Step 1040: Train accuracy = 46.0%
2016-11-09 14:33:51.389805: Step 1040: Cross entropy = 1.180284
2016-11-09 14:33:51.490122: Step 1040: Validation accuracy = 32.0%
2016-11-09 14:33:52.522043: Step 1050: Train accuracy = 47.0%
2016-11-09 14:33:52.522098: Step 1050: Cross entropy = 1.140505
2016-11-09 14:33:52.627124: Step 1050: Validation accuracy = 35.0%
2016-11-09 14:33:53.658673: Step 1060: Train accuracy = 53.0%
2016-11-09 14:33:53.658736: Step 1060: Cross entropy = 1.133032
2016-11-09 14:33:53.770530: Step 1060: Validation accuracy = 42.0%
2016-11-09 14:33:54.833864: Step 1070: Train accuracy = 41.0%
2016-11-09 14:33:54.833913: Step 1070: Cross entropy = 1.233390
2016-11-09 14:33:54.932249: Step 1070: Validation accuracy = 39.0%
2016-11-09 14:33:55.980134: Step 1080: Train accuracy = 52.0%
2016-11-09 14:33:55.980186: Step 1080: Cross entropy = 1.164177
2016-11-09 14:33:56.079327: Step 1080: Validation accuracy = 35.0%
2016-11-09 14:33:57.114562: Step 1090: Train accuracy = 42.0%
2016-11-09 14:33:57.114630: Step 1090: Cross entropy = 1.218703
2016-11-09 14:33:57.223589: Step 1090: Validation accuracy = 41.0%
2016-11-09 14:33:58.255559: Step 1100: Train accuracy = 42.0%
2016-11-09 14:33:58.255610: Step 1100: Cross entropy = 1.271273
2016-11-09 14:33:58.359843: Step 1100: Validation accuracy = 39.0%
2016-11-09 14:33:59.468274: Step 1110: Train accuracy = 50.0%
2016-11-09 14:33:59.468332: Step 1110: Cross entropy = 1.198541
2016-11-09 14:33:59.596691: Step 1110: Validation accuracy = 32.0%
2016-11-09 14:34:00.723146: Step 1120: Train accuracy = 44.0%
2016-11-09 14:34:00.723205: Step 1120: Cross entropy = 1.246023
2016-11-09 14:34:00.826960: Step 1120: Validation accuracy = 42.0%
2016-11-09 14:34:01.873375: Step 1130: Train accuracy = 41.0%
2016-11-09 14:34:01.873425: Step 1130: Cross entropy = 1.224440
2016-11-09 14:34:01.980097: Step 1130: Validation accuracy = 47.0%
2016-11-09 14:34:02.994617: Step 1140: Train accuracy = 36.0%
2016-11-09 14:34:02.994667: Step 1140: Cross entropy = 1.286978
2016-11-09 14:34:03.100365: Step 1140: Validation accuracy = 29.0%
2016-11-09 14:34:04.138333: Step 1150: Train accuracy = 43.0%
2016-11-09 14:34:04.138385: Step 1150: Cross entropy = 1.239169
2016-11-09 14:34:04.238893: Step 1150: Validation accuracy = 42.0%
2016-11-09 14:34:05.275818: Step 1160: Train accuracy = 48.0%
2016-11-09 14:34:05.275874: Step 1160: Cross entropy = 1.210016
2016-11-09 14:34:05.385097: Step 1160: Validation accuracy = 39.0%
2016-11-09 14:34:06.406317: Step 1170: Train accuracy = 48.0%
2016-11-09 14:34:06.406377: Step 1170: Cross entropy = 1.196115
2016-11-09 14:34:06.502065: Step 1170: Validation accuracy = 32.0%
2016-11-09 14:34:07.539241: Step 1180: Train accuracy = 40.0%
2016-11-09 14:34:07.539289: Step 1180: Cross entropy = 1.214287
2016-11-09 14:34:07.635486: Step 1180: Validation accuracy = 39.0%
2016-11-09 14:34:08.650554: Step 1190: Train accuracy = 50.0%
2016-11-09 14:34:08.650613: Step 1190: Cross entropy = 1.185479
2016-11-09 14:34:08.747476: Step 1190: Validation accuracy = 37.0%
2016-11-09 14:34:09.766505: Step 1200: Train accuracy = 54.0%
2016-11-09 14:34:09.766585: Step 1200: Cross entropy = 1.146590
2016-11-09 14:34:09.873201: Step 1200: Validation accuracy = 41.0%
2016-11-09 14:34:10.907146: Step 1210: Train accuracy = 48.0%
2016-11-09 14:34:10.907206: Step 1210: Cross entropy = 1.173548
2016-11-09 14:34:11.015284: Step 1210: Validation accuracy = 37.0%
2016-11-09 14:34:12.058011: Step 1220: Train accuracy = 43.0%
2016-11-09 14:34:12.058065: Step 1220: Cross entropy = 1.215210
2016-11-09 14:34:12.160237: Step 1220: Validation accuracy = 41.0%
2016-11-09 14:34:13.182564: Step 1230: Train accuracy = 46.0%
2016-11-09 14:34:13.182621: Step 1230: Cross entropy = 1.182153
2016-11-09 14:34:13.283446: Step 1230: Validation accuracy = 32.0%
2016-11-09 14:34:14.342495: Step 1240: Train accuracy = 47.0%
2016-11-09 14:34:14.342544: Step 1240: Cross entropy = 1.212746
2016-11-09 14:34:14.438258: Step 1240: Validation accuracy = 41.0%
2016-11-09 14:34:15.439270: Step 1250: Train accuracy = 42.0%
2016-11-09 14:34:15.439323: Step 1250: Cross entropy = 1.213182
2016-11-09 14:34:15.536764: Step 1250: Validation accuracy = 39.0%
2016-11-09 14:34:16.574232: Step 1260: Train accuracy = 48.0%
2016-11-09 14:34:16.574283: Step 1260: Cross entropy = 1.217444
2016-11-09 14:34:16.666100: Step 1260: Validation accuracy = 35.0%
2016-11-09 14:34:17.724440: Step 1270: Train accuracy = 49.0%
2016-11-09 14:34:17.724497: Step 1270: Cross entropy = 1.109909
2016-11-09 14:34:17.837625: Step 1270: Validation accuracy = 39.0%
2016-11-09 14:34:19.051783: Step 1280: Train accuracy = 51.0%
2016-11-09 14:34:19.051871: Step 1280: Cross entropy = 1.191688
2016-11-09 14:34:19.166643: Step 1280: Validation accuracy = 38.0%
2016-11-09 14:34:20.224036: Step 1290: Train accuracy = 38.0%
2016-11-09 14:34:20.224086: Step 1290: Cross entropy = 1.248011
2016-11-09 14:34:20.327419: Step 1290: Validation accuracy = 44.0%
2016-11-09 14:34:21.404181: Step 1300: Train accuracy = 51.0%
2016-11-09 14:34:21.404232: Step 1300: Cross entropy = 1.139687
2016-11-09 14:34:21.545786: Step 1300: Validation accuracy = 36.0%
2016-11-09 14:34:22.606717: Step 1310: Train accuracy = 53.0%
2016-11-09 14:34:22.606766: Step 1310: Cross entropy = 1.133264
2016-11-09 14:34:22.707277: Step 1310: Validation accuracy = 38.0%
2016-11-09 14:34:23.818380: Step 1320: Train accuracy = 51.0%
2016-11-09 14:34:23.818439: Step 1320: Cross entropy = 1.124218
2016-11-09 14:34:23.925457: Step 1320: Validation accuracy = 42.0%
2016-11-09 14:34:25.009784: Step 1330: Train accuracy = 48.0%
2016-11-09 14:34:25.009834: Step 1330: Cross entropy = 1.159807
2016-11-09 14:34:25.124780: Step 1330: Validation accuracy = 41.0%
2016-11-09 14:34:26.197428: Step 1340: Train accuracy = 44.0%
2016-11-09 14:34:26.197478: Step 1340: Cross entropy = 1.219833
2016-11-09 14:34:26.290557: Step 1340: Validation accuracy = 46.0%
2016-11-09 14:34:27.339116: Step 1350: Train accuracy = 51.0%
2016-11-09 14:34:27.339167: Step 1350: Cross entropy = 1.151124
2016-11-09 14:34:27.444312: Step 1350: Validation accuracy = 38.0%
2016-11-09 14:34:28.491450: Step 1360: Train accuracy = 41.0%
2016-11-09 14:34:28.491502: Step 1360: Cross entropy = 1.225372
2016-11-09 14:34:28.597101: Step 1360: Validation accuracy = 39.0%
2016-11-09 14:34:29.653976: Step 1370: Train accuracy = 43.0%
2016-11-09 14:34:29.654029: Step 1370: Cross entropy = 1.168775
2016-11-09 14:34:29.748234: Step 1370: Validation accuracy = 47.0%
2016-11-09 14:34:30.831939: Step 1380: Train accuracy = 46.0%
2016-11-09 14:34:30.831998: Step 1380: Cross entropy = 1.238977
2016-11-09 14:34:30.936499: Step 1380: Validation accuracy = 37.0%
2016-11-09 14:34:31.965194: Step 1390: Train accuracy = 46.0%
2016-11-09 14:34:31.965244: Step 1390: Cross entropy = 1.171148
2016-11-09 14:34:32.075369: Step 1390: Validation accuracy = 35.0%
2016-11-09 14:34:33.135298: Step 1400: Train accuracy = 54.0%
2016-11-09 14:34:33.135360: Step 1400: Cross entropy = 1.181578
2016-11-09 14:34:33.231689: Step 1400: Validation accuracy = 36.0%
2016-11-09 14:34:34.217483: Step 1410: Train accuracy = 51.0%
2016-11-09 14:34:34.217536: Step 1410: Cross entropy = 1.147935
2016-11-09 14:34:34.321249: Step 1410: Validation accuracy = 37.0%
2016-11-09 14:34:35.389383: Step 1420: Train accuracy = 41.0%
2016-11-09 14:34:35.389435: Step 1420: Cross entropy = 1.211196
2016-11-09 14:34:35.488480: Step 1420: Validation accuracy = 35.0%
2016-11-09 14:34:36.560881: Step 1430: Train accuracy = 54.0%
2016-11-09 14:34:36.560936: Step 1430: Cross entropy = 1.139859
2016-11-09 14:34:36.671011: Step 1430: Validation accuracy = 39.0%
2016-11-09 14:34:37.710399: Step 1440: Train accuracy = 46.0%
2016-11-09 14:34:37.710451: Step 1440: Cross entropy = 1.212093
2016-11-09 14:34:37.805909: Step 1440: Validation accuracy = 41.0%
2016-11-09 14:34:38.850287: Step 1450: Train accuracy = 47.0%
2016-11-09 14:34:38.850338: Step 1450: Cross entropy = 1.234726
2016-11-09 14:34:38.964219: Step 1450: Validation accuracy = 42.0%
2016-11-09 14:34:39.977754: Step 1460: Train accuracy = 51.0%
2016-11-09 14:34:39.977802: Step 1460: Cross entropy = 1.116661
2016-11-09 14:34:40.085540: Step 1460: Validation accuracy = 40.0%
2016-11-09 14:34:41.115444: Step 1470: Train accuracy = 51.0%
2016-11-09 14:34:41.115493: Step 1470: Cross entropy = 1.165311
2016-11-09 14:34:41.212145: Step 1470: Validation accuracy = 48.0%
2016-11-09 14:34:42.244437: Step 1480: Train accuracy = 50.0%
2016-11-09 14:34:42.244497: Step 1480: Cross entropy = 1.184446
2016-11-09 14:34:42.355029: Step 1480: Validation accuracy = 38.0%
2016-11-09 14:34:43.403967: Step 1490: Train accuracy = 47.0%
2016-11-09 14:34:43.404021: Step 1490: Cross entropy = 1.175021
2016-11-09 14:34:43.504331: Step 1490: Validation accuracy = 34.0%
2016-11-09 14:34:44.517909: Step 1500: Train accuracy = 41.0%
2016-11-09 14:34:44.517961: Step 1500: Cross entropy = 1.190162
2016-11-09 14:34:44.627482: Step 1500: Validation accuracy = 41.0%
2016-11-09 14:34:45.637415: Step 1510: Train accuracy = 44.0%
2016-11-09 14:34:45.637473: Step 1510: Cross entropy = 1.196148
2016-11-09 14:34:45.736062: Step 1510: Validation accuracy = 43.0%
2016-11-09 14:34:46.813857: Step 1520: Train accuracy = 46.0%
2016-11-09 14:34:46.813906: Step 1520: Cross entropy = 1.176649
2016-11-09 14:34:46.903746: Step 1520: Validation accuracy = 32.0%
2016-11-09 14:34:47.907746: Step 1530: Train accuracy = 48.0%
2016-11-09 14:34:47.907796: Step 1530: Cross entropy = 1.166688
2016-11-09 14:34:48.008471: Step 1530: Validation accuracy = 36.0%
2016-11-09 14:34:49.003101: Step 1540: Train accuracy = 41.0%
2016-11-09 14:34:49.003150: Step 1540: Cross entropy = 1.209800
2016-11-09 14:34:49.121167: Step 1540: Validation accuracy = 32.0%
2016-11-09 14:34:50.194393: Step 1550: Train accuracy = 49.0%
2016-11-09 14:34:50.194444: Step 1550: Cross entropy = 1.154485
2016-11-09 14:34:50.299041: Step 1550: Validation accuracy = 35.0%
2016-11-09 14:34:51.327642: Step 1560: Train accuracy = 41.0%
2016-11-09 14:34:51.327706: Step 1560: Cross entropy = 1.163300
2016-11-09 14:34:51.417989: Step 1560: Validation accuracy = 37.0%
2016-11-09 14:34:52.407080: Step 1570: Train accuracy = 42.0%
2016-11-09 14:34:52.407131: Step 1570: Cross entropy = 1.250774
2016-11-09 14:34:52.502941: Step 1570: Validation accuracy = 45.0%
2016-11-09 14:34:53.478486: Step 1580: Train accuracy = 50.0%
2016-11-09 14:34:53.478537: Step 1580: Cross entropy = 1.146851
2016-11-09 14:34:53.573473: Step 1580: Validation accuracy = 37.0%
2016-11-09 14:34:54.585361: Step 1590: Train accuracy = 41.0%
2016-11-09 14:34:54.585411: Step 1590: Cross entropy = 1.258942
2016-11-09 14:34:54.692610: Step 1590: Validation accuracy = 44.0%
2016-11-09 14:34:55.688177: Step 1600: Train accuracy = 49.0%
2016-11-09 14:34:55.688228: Step 1600: Cross entropy = 1.153938
2016-11-09 14:34:55.782013: Step 1600: Validation accuracy = 32.0%
2016-11-09 14:34:56.804281: Step 1610: Train accuracy = 37.0%
2016-11-09 14:34:56.804352: Step 1610: Cross entropy = 1.265986
2016-11-09 14:34:56.901171: Step 1610: Validation accuracy = 37.0%
2016-11-09 14:34:57.920852: Step 1620: Train accuracy = 45.0%
2016-11-09 14:34:57.920907: Step 1620: Cross entropy = 1.183019
2016-11-09 14:34:58.009856: Step 1620: Validation accuracy = 37.0%
2016-11-09 14:34:58.974547: Step 1630: Train accuracy = 44.0%
2016-11-09 14:34:58.974598: Step 1630: Cross entropy = 1.172250
2016-11-09 14:34:59.068980: Step 1630: Validation accuracy = 38.0%
2016-11-09 14:35:00.049217: Step 1640: Train accuracy = 39.0%
2016-11-09 14:35:00.049266: Step 1640: Cross entropy = 1.240830
2016-11-09 14:35:00.150721: Step 1640: Validation accuracy = 36.0%
2016-11-09 14:35:01.183949: Step 1650: Train accuracy = 35.0%
2016-11-09 14:35:01.184003: Step 1650: Cross entropy = 1.260229
2016-11-09 14:35:01.290729: Step 1650: Validation accuracy = 27.0%
2016-11-09 14:35:02.356127: Step 1660: Train accuracy = 38.0%
2016-11-09 14:35:02.356179: Step 1660: Cross entropy = 1.252812
2016-11-09 14:35:02.456618: Step 1660: Validation accuracy = 39.0%
2016-11-09 14:35:03.484537: Step 1670: Train accuracy = 40.0%
2016-11-09 14:35:03.484593: Step 1670: Cross entropy = 1.292375
2016-11-09 14:35:03.578725: Step 1670: Validation accuracy = 35.0%
2016-11-09 14:35:04.604155: Step 1680: Train accuracy = 53.0%
2016-11-09 14:35:04.604209: Step 1680: Cross entropy = 1.163121
2016-11-09 14:35:04.699055: Step 1680: Validation accuracy = 39.0%
2016-11-09 14:35:05.693523: Step 1690: Train accuracy = 48.0%
2016-11-09 14:35:05.693573: Step 1690: Cross entropy = 1.220542
2016-11-09 14:35:05.791806: Step 1690: Validation accuracy = 35.0%
2016-11-09 14:35:06.759891: Step 1700: Train accuracy = 42.0%
2016-11-09 14:35:06.759941: Step 1700: Cross entropy = 1.183380
2016-11-09 14:35:06.856842: Step 1700: Validation accuracy = 38.0%
2016-11-09 14:35:07.863755: Step 1710: Train accuracy = 45.0%
2016-11-09 14:35:07.863805: Step 1710: Cross entropy = 1.190827
2016-11-09 14:35:07.959969: Step 1710: Validation accuracy = 37.0%
2016-11-09 14:35:08.982751: Step 1720: Train accuracy = 52.0%
2016-11-09 14:35:08.982801: Step 1720: Cross entropy = 1.139262
2016-11-09 14:35:09.082856: Step 1720: Validation accuracy = 35.0%
2016-11-09 14:35:10.086159: Step 1730: Train accuracy = 52.0%
2016-11-09 14:35:10.086208: Step 1730: Cross entropy = 1.170814
2016-11-09 14:35:10.185522: Step 1730: Validation accuracy = 26.0%
2016-11-09 14:35:11.200784: Step 1740: Train accuracy = 48.0%
2016-11-09 14:35:11.200837: Step 1740: Cross entropy = 1.179650
2016-11-09 14:35:11.298140: Step 1740: Validation accuracy = 38.0%
2016-11-09 14:35:12.323723: Step 1750: Train accuracy = 46.0%
2016-11-09 14:35:12.323774: Step 1750: Cross entropy = 1.212919
2016-11-09 14:35:12.414510: Step 1750: Validation accuracy = 37.0%
2016-11-09 14:35:13.405517: Step 1760: Train accuracy = 49.0%
2016-11-09 14:35:13.405572: Step 1760: Cross entropy = 1.187345
2016-11-09 14:35:13.503170: Step 1760: Validation accuracy = 34.0%
2016-11-09 14:35:14.517369: Step 1770: Train accuracy = 55.0%
2016-11-09 14:35:14.517418: Step 1770: Cross entropy = 1.131106
2016-11-09 14:35:14.611801: Step 1770: Validation accuracy = 33.0%
2016-11-09 14:35:15.639235: Step 1780: Train accuracy = 50.0%
2016-11-09 14:35:15.639290: Step 1780: Cross entropy = 1.165409
2016-11-09 14:35:15.736243: Step 1780: Validation accuracy = 46.0%
2016-11-09 14:35:16.740074: Step 1790: Train accuracy = 45.0%
2016-11-09 14:35:16.740126: Step 1790: Cross entropy = 1.211285
2016-11-09 14:35:16.833400: Step 1790: Validation accuracy = 34.0%
2016-11-09 14:35:17.783950: Step 1800: Train accuracy = 50.0%
2016-11-09 14:35:17.784065: Step 1800: Cross entropy = 1.211713
2016-11-09 14:35:17.897467: Step 1800: Validation accuracy = 43.0%
2016-11-09 14:35:18.860950: Step 1810: Train accuracy = 41.0%
2016-11-09 14:35:18.861000: Step 1810: Cross entropy = 1.275605
2016-11-09 14:35:18.954696: Step 1810: Validation accuracy = 43.0%
2016-11-09 14:35:19.957417: Step 1820: Train accuracy = 45.0%
2016-11-09 14:35:19.957497: Step 1820: Cross entropy = 1.174254
2016-11-09 14:35:20.066949: Step 1820: Validation accuracy = 37.0%
2016-11-09 14:35:21.121397: Step 1830: Train accuracy = 47.0%
2016-11-09 14:35:21.121448: Step 1830: Cross entropy = 1.199075
2016-11-09 14:35:21.226808: Step 1830: Validation accuracy = 46.0%
2016-11-09 14:35:22.239917: Step 1840: Train accuracy = 38.0%
2016-11-09 14:35:22.239966: Step 1840: Cross entropy = 1.254702
2016-11-09 14:35:22.335210: Step 1840: Validation accuracy = 43.0%
2016-11-09 14:35:23.346868: Step 1850: Train accuracy = 45.0%
2016-11-09 14:35:23.346945: Step 1850: Cross entropy = 1.241702
2016-11-09 14:35:23.443643: Step 1850: Validation accuracy = 32.0%
2016-11-09 14:35:24.395597: Step 1860: Train accuracy = 53.0%
2016-11-09 14:35:24.395649: Step 1860: Cross entropy = 1.124063
2016-11-09 14:35:24.495187: Step 1860: Validation accuracy = 34.0%
2016-11-09 14:35:25.503856: Step 1870: Train accuracy = 47.0%
2016-11-09 14:35:25.503942: Step 1870: Cross entropy = 1.232060
2016-11-09 14:35:25.612754: Step 1870: Validation accuracy = 39.0%
2016-11-09 14:35:26.609533: Step 1880: Train accuracy = 47.0%
2016-11-09 14:35:26.609594: Step 1880: Cross entropy = 1.260830
2016-11-09 14:35:26.701127: Step 1880: Validation accuracy = 39.0%
2016-11-09 14:35:27.730492: Step 1890: Train accuracy = 53.0%
2016-11-09 14:35:27.730540: Step 1890: Cross entropy = 1.124191
2016-11-09 14:35:27.828542: Step 1890: Validation accuracy = 33.0%
2016-11-09 14:35:28.838773: Step 1900: Train accuracy = 51.0%
2016-11-09 14:35:28.838825: Step 1900: Cross entropy = 1.178767
2016-11-09 14:35:28.944640: Step 1900: Validation accuracy = 41.0%
2016-11-09 14:35:30.036903: Step 1910: Train accuracy = 54.0%
2016-11-09 14:35:30.036957: Step 1910: Cross entropy = 1.123453
2016-11-09 14:35:30.144376: Step 1910: Validation accuracy = 37.0%
2016-11-09 14:35:31.213043: Step 1920: Train accuracy = 52.0%
2016-11-09 14:35:31.213093: Step 1920: Cross entropy = 1.164470
2016-11-09 14:35:31.315822: Step 1920: Validation accuracy = 35.0%
2016-11-09 14:35:32.302145: Step 1930: Train accuracy = 47.0%
2016-11-09 14:35:32.302194: Step 1930: Cross entropy = 1.187703
2016-11-09 14:35:32.392119: Step 1930: Validation accuracy = 32.0%
2016-11-09 14:35:33.411441: Step 1940: Train accuracy = 57.0%
2016-11-09 14:35:33.411492: Step 1940: Cross entropy = 1.155571
2016-11-09 14:35:33.528737: Step 1940: Validation accuracy = 40.0%
2016-11-09 14:35:34.551957: Step 1950: Train accuracy = 50.0%
2016-11-09 14:35:34.552006: Step 1950: Cross entropy = 1.188673
2016-11-09 14:35:34.649356: Step 1950: Validation accuracy = 36.0%
2016-11-09 14:35:35.639074: Step 1960: Train accuracy = 50.0%
2016-11-09 14:35:35.639148: Step 1960: Cross entropy = 1.169274
2016-11-09 14:35:35.744764: Step 1960: Validation accuracy = 43.0%
2016-11-09 14:35:36.840026: Step 1970: Train accuracy = 46.0%
2016-11-09 14:35:36.840125: Step 1970: Cross entropy = 1.149287
2016-11-09 14:35:37.012201: Step 1970: Validation accuracy = 38.0%
2016-11-09 14:35:38.175612: Step 1980: Train accuracy = 52.0%
2016-11-09 14:35:38.175661: Step 1980: Cross entropy = 1.160458
2016-11-09 14:35:38.297548: Step 1980: Validation accuracy = 47.0%
2016-11-09 14:35:39.454660: Step 1990: Train accuracy = 52.0%
2016-11-09 14:35:39.454716: Step 1990: Cross entropy = 1.116386
2016-11-09 14:35:39.570948: Step 1990: Validation accuracy = 43.0%
2016-11-09 14:35:40.741478: Step 2000: Train accuracy = 38.0%
2016-11-09 14:35:40.741527: Step 2000: Cross entropy = 1.261461
2016-11-09 14:35:40.859465: Step 2000: Validation accuracy = 30.0%
2016-11-09 14:35:41.977247: Step 2010: Train accuracy = 55.0%
2016-11-09 14:35:41.977297: Step 2010: Cross entropy = 1.208624
2016-11-09 14:35:42.088256: Step 2010: Validation accuracy = 36.0%
2016-11-09 14:35:43.205300: Step 2020: Train accuracy = 45.0%
2016-11-09 14:35:43.205350: Step 2020: Cross entropy = 1.164939
2016-11-09 14:35:43.326485: Step 2020: Validation accuracy = 35.0%
2016-11-09 14:35:44.461551: Step 2030: Train accuracy = 47.0%
2016-11-09 14:35:44.461599: Step 2030: Cross entropy = 1.182860
2016-11-09 14:35:44.591688: Step 2030: Validation accuracy = 29.0%
2016-11-09 14:35:45.719370: Step 2040: Train accuracy = 41.0%
2016-11-09 14:35:45.719421: Step 2040: Cross entropy = 1.193805
2016-11-09 14:35:45.851794: Step 2040: Validation accuracy = 38.0%
2016-11-09 14:35:47.052529: Step 2050: Train accuracy = 52.0%
2016-11-09 14:35:47.052583: Step 2050: Cross entropy = 1.147789
2016-11-09 14:35:47.170886: Step 2050: Validation accuracy = 34.0%
2016-11-09 14:35:48.330129: Step 2060: Train accuracy = 51.0%
2016-11-09 14:35:48.330185: Step 2060: Cross entropy = 1.131089
2016-11-09 14:35:48.445321: Step 2060: Validation accuracy = 42.0%
2016-11-09 14:35:49.614059: Step 2070: Train accuracy = 53.0%
2016-11-09 14:35:49.614111: Step 2070: Cross entropy = 1.126353
2016-11-09 14:35:49.731025: Step 2070: Validation accuracy = 40.0%
2016-11-09 14:35:50.901790: Step 2080: Train accuracy = 51.0%
2016-11-09 14:35:50.902471: Step 2080: Cross entropy = 1.190277
2016-11-09 14:35:51.027391: Step 2080: Validation accuracy = 41.0%
2016-11-09 14:35:52.142448: Step 2090: Train accuracy = 52.0%
2016-11-09 14:35:52.142497: Step 2090: Cross entropy = 1.093358
2016-11-09 14:35:52.249103: Step 2090: Validation accuracy = 41.0%
2016-11-09 14:35:53.358716: Step 2100: Train accuracy = 47.0%
2016-11-09 14:35:53.358769: Step 2100: Cross entropy = 1.253872
2016-11-09 14:35:53.469619: Step 2100: Validation accuracy = 44.0%
2016-11-09 14:35:54.568120: Step 2110: Train accuracy = 51.0%
2016-11-09 14:35:54.568193: Step 2110: Cross entropy = 1.149341
2016-11-09 14:35:54.690882: Step 2110: Validation accuracy = 42.0%
2016-11-09 14:35:55.760847: Step 2120: Train accuracy = 43.0%
2016-11-09 14:35:55.760896: Step 2120: Cross entropy = 1.184352
2016-11-09 14:35:55.870027: Step 2120: Validation accuracy = 38.0%
2016-11-09 14:35:56.946594: Step 2130: Train accuracy = 52.0%
2016-11-09 14:35:56.946643: Step 2130: Cross entropy = 1.168397
2016-11-09 14:35:57.069136: Step 2130: Validation accuracy = 44.0%
2016-11-09 14:35:58.149606: Step 2140: Train accuracy = 53.0%
2016-11-09 14:35:58.149656: Step 2140: Cross entropy = 1.123825
2016-11-09 14:35:58.270140: Step 2140: Validation accuracy = 42.0%
2016-11-09 14:35:59.363916: Step 2150: Train accuracy = 37.0%
2016-11-09 14:35:59.363974: Step 2150: Cross entropy = 1.257656
2016-11-09 14:35:59.484708: Step 2150: Validation accuracy = 40.0%
2016-11-09 14:36:00.569785: Step 2160: Train accuracy = 54.0%
2016-11-09 14:36:00.569840: Step 2160: Cross entropy = 1.085197
2016-11-09 14:36:00.671842: Step 2160: Validation accuracy = 35.0%
2016-11-09 14:36:01.715961: Step 2170: Train accuracy = 56.0%
2016-11-09 14:36:01.716010: Step 2170: Cross entropy = 1.174837
2016-11-09 14:36:01.824303: Step 2170: Validation accuracy = 37.0%
2016-11-09 14:36:02.869096: Step 2180: Train accuracy = 42.0%
2016-11-09 14:36:02.869145: Step 2180: Cross entropy = 1.189389
2016-11-09 14:36:02.980675: Step 2180: Validation accuracy = 36.0%
2016-11-09 14:36:04.061438: Step 2190: Train accuracy = 53.0%
2016-11-09 14:36:04.061488: Step 2190: Cross entropy = 1.119531
2016-11-09 14:36:04.191089: Step 2190: Validation accuracy = 34.0%
2016-11-09 14:36:05.281188: Step 2200: Train accuracy = 44.0%
2016-11-09 14:36:05.281239: Step 2200: Cross entropy = 1.263774
2016-11-09 14:36:05.394448: Step 2200: Validation accuracy = 33.0%
2016-11-09 14:36:06.462275: Step 2210: Train accuracy = 46.0%
2016-11-09 14:36:06.462809: Step 2210: Cross entropy = 1.147812
2016-11-09 14:36:06.558868: Step 2210: Validation accuracy = 36.0%
2016-11-09 14:36:07.589874: Step 2220: Train accuracy = 59.0%
2016-11-09 14:36:07.589940: Step 2220: Cross entropy = 1.139662
2016-11-09 14:36:07.692519: Step 2220: Validation accuracy = 37.0%
2016-11-09 14:36:08.743645: Step 2230: Train accuracy = 41.0%
2016-11-09 14:36:08.743697: Step 2230: Cross entropy = 1.237548
2016-11-09 14:36:08.865348: Step 2230: Validation accuracy = 39.0%
2016-11-09 14:36:09.956133: Step 2240: Train accuracy = 53.0%
2016-11-09 14:36:09.956193: Step 2240: Cross entropy = 1.105114
2016-11-09 14:36:10.058154: Step 2240: Validation accuracy = 34.0%
2016-11-09 14:36:11.109370: Step 2250: Train accuracy = 48.0%
2016-11-09 14:36:11.109419: Step 2250: Cross entropy = 1.207744
2016-11-09 14:36:11.206031: Step 2250: Validation accuracy = 46.0%
2016-11-09 14:36:12.306417: Step 2260: Train accuracy = 42.0%
2016-11-09 14:36:12.306469: Step 2260: Cross entropy = 1.205898
2016-11-09 14:36:12.405004: Step 2260: Validation accuracy = 42.0%
2016-11-09 14:36:13.430215: Step 2270: Train accuracy = 51.0%
2016-11-09 14:36:13.430263: Step 2270: Cross entropy = 1.177297
2016-11-09 14:36:13.529327: Step 2270: Validation accuracy = 36.0%
2016-11-09 14:36:14.518849: Step 2280: Train accuracy = 53.0%
2016-11-09 14:36:14.518903: Step 2280: Cross entropy = 1.134699
2016-11-09 14:36:14.628497: Step 2280: Validation accuracy = 43.0%
2016-11-09 14:36:15.661302: Step 2290: Train accuracy = 49.0%
2016-11-09 14:36:15.661353: Step 2290: Cross entropy = 1.180941
2016-11-09 14:36:15.767339: Step 2290: Validation accuracy = 41.0%
2016-11-09 14:36:16.829267: Step 2300: Train accuracy = 51.0%
2016-11-09 14:36:16.829317: Step 2300: Cross entropy = 1.131426
2016-11-09 14:36:16.934288: Step 2300: Validation accuracy = 46.0%
2016-11-09 14:36:18.021459: Step 2310: Train accuracy = 41.0%
2016-11-09 14:36:18.021531: Step 2310: Cross entropy = 1.226145
2016-11-09 14:36:18.124885: Step 2310: Validation accuracy = 34.0%
2016-11-09 14:36:19.148450: Step 2320: Train accuracy = 42.0%
2016-11-09 14:36:19.148500: Step 2320: Cross entropy = 1.255985
2016-11-09 14:36:19.260993: Step 2320: Validation accuracy = 36.0%
2016-11-09 14:36:20.307319: Step 2330: Train accuracy = 58.0%
2016-11-09 14:36:20.307368: Step 2330: Cross entropy = 1.021991
2016-11-09 14:36:20.414581: Step 2330: Validation accuracy = 33.0%
2016-11-09 14:36:21.468206: Step 2340: Train accuracy = 46.0%
2016-11-09 14:36:21.468264: Step 2340: Cross entropy = 1.149955
2016-11-09 14:36:21.572561: Step 2340: Validation accuracy = 42.0%
2016-11-09 14:36:22.639913: Step 2350: Train accuracy = 51.0%
2016-11-09 14:36:22.639973: Step 2350: Cross entropy = 1.202739
2016-11-09 14:36:22.745505: Step 2350: Validation accuracy = 32.0%
2016-11-09 14:36:23.810046: Step 2360: Train accuracy = 49.0%
2016-11-09 14:36:23.810104: Step 2360: Cross entropy = 1.141531
2016-11-09 14:36:23.917114: Step 2360: Validation accuracy = 40.0%
2016-11-09 14:36:24.983808: Step 2370: Train accuracy = 59.0%
2016-11-09 14:36:24.983862: Step 2370: Cross entropy = 1.134419
2016-11-09 14:36:25.090101: Step 2370: Validation accuracy = 39.0%
2016-11-09 14:36:26.106980: Step 2380: Train accuracy = 51.0%
2016-11-09 14:36:26.107032: Step 2380: Cross entropy = 1.179174
2016-11-09 14:36:26.216068: Step 2380: Validation accuracy = 33.0%
2016-11-09 14:36:27.264836: Step 2390: Train accuracy = 45.0%
2016-11-09 14:36:27.264886: Step 2390: Cross entropy = 1.141603
2016-11-09 14:36:27.361747: Step 2390: Validation accuracy = 40.0%
2016-11-09 14:36:28.380323: Step 2400: Train accuracy = 50.0%
2016-11-09 14:36:28.380376: Step 2400: Cross entropy = 1.174112
2016-11-09 14:36:28.476464: Step 2400: Validation accuracy = 39.0%
2016-11-09 14:36:29.488866: Step 2410: Train accuracy = 49.0%
2016-11-09 14:36:29.488916: Step 2410: Cross entropy = 1.113698
2016-11-09 14:36:29.593461: Step 2410: Validation accuracy = 36.0%
2016-11-09 14:36:30.628369: Step 2420: Train accuracy = 46.0%
2016-11-09 14:36:30.628419: Step 2420: Cross entropy = 1.158551
2016-11-09 14:36:30.739198: Step 2420: Validation accuracy = 33.0%
2016-11-09 14:36:31.752774: Step 2430: Train accuracy = 53.0%
2016-11-09 14:36:31.752832: Step 2430: Cross entropy = 1.194126
2016-11-09 14:36:31.861004: Step 2430: Validation accuracy = 40.0%
2016-11-09 14:36:32.828867: Step 2440: Train accuracy = 47.0%
2016-11-09 14:36:32.828924: Step 2440: Cross entropy = 1.140518
2016-11-09 14:36:32.925506: Step 2440: Validation accuracy = 37.0%
2016-11-09 14:36:33.926753: Step 2450: Train accuracy = 51.0%
2016-11-09 14:36:33.926804: Step 2450: Cross entropy = 1.149089
2016-11-09 14:36:34.038463: Step 2450: Validation accuracy = 38.0%
2016-11-09 14:36:35.063293: Step 2460: Train accuracy = 49.0%
2016-11-09 14:36:35.063359: Step 2460: Cross entropy = 1.154934
2016-11-09 14:36:35.176699: Step 2460: Validation accuracy = 37.0%
2016-11-09 14:36:36.189137: Step 2470: Train accuracy = 50.0%
2016-11-09 14:36:36.189186: Step 2470: Cross entropy = 1.218707
2016-11-09 14:36:36.308546: Step 2470: Validation accuracy = 40.0%
2016-11-09 14:36:37.329136: Step 2480: Train accuracy = 53.0%
2016-11-09 14:36:37.329185: Step 2480: Cross entropy = 1.130754
2016-11-09 14:36:37.427725: Step 2480: Validation accuracy = 40.0%
2016-11-09 14:36:38.432851: Step 2490: Train accuracy = 46.0%
2016-11-09 14:36:38.432903: Step 2490: Cross entropy = 1.178934
2016-11-09 14:36:38.542331: Step 2490: Validation accuracy = 47.0%
2016-11-09 14:36:39.606043: Step 2500: Train accuracy = 53.0%
2016-11-09 14:36:39.606112: Step 2500: Cross entropy = 1.114791
2016-11-09 14:36:39.726430: Step 2500: Validation accuracy = 34.0%
2016-11-09 14:36:40.870365: Step 2510: Train accuracy = 58.0%
2016-11-09 14:36:40.870414: Step 2510: Cross entropy = 1.141185
2016-11-09 14:36:40.965992: Step 2510: Validation accuracy = 39.0%
2016-11-09 14:36:42.008276: Step 2520: Train accuracy = 47.0%
2016-11-09 14:36:42.008326: Step 2520: Cross entropy = 1.189494
2016-11-09 14:36:42.119504: Step 2520: Validation accuracy = 31.0%
2016-11-09 14:36:43.158432: Step 2530: Train accuracy = 54.0%
2016-11-09 14:36:43.158481: Step 2530: Cross entropy = 1.089764
2016-11-09 14:36:43.262900: Step 2530: Validation accuracy = 41.0%
2016-11-09 14:36:44.253601: Step 2540: Train accuracy = 35.0%
2016-11-09 14:36:44.253652: Step 2540: Cross entropy = 1.258371
2016-11-09 14:36:44.345706: Step 2540: Validation accuracy = 34.0%
2016-11-09 14:36:45.321971: Step 2550: Train accuracy = 45.0%
2016-11-09 14:36:45.322027: Step 2550: Cross entropy = 1.198509
2016-11-09 14:36:45.414741: Step 2550: Validation accuracy = 29.0%
2016-11-09 14:36:46.431142: Step 2560: Train accuracy = 48.0%
2016-11-09 14:36:46.431192: Step 2560: Cross entropy = 1.166012
2016-11-09 14:36:46.522930: Step 2560: Validation accuracy = 40.0%
2016-11-09 14:36:47.530773: Step 2570: Train accuracy = 48.0%
2016-11-09 14:36:47.530820: Step 2570: Cross entropy = 1.212701
2016-11-09 14:36:47.622983: Step 2570: Validation accuracy = 32.0%
2016-11-09 14:36:48.702212: Step 2580: Train accuracy = 57.0%
2016-11-09 14:36:48.702265: Step 2580: Cross entropy = 1.089163
2016-11-09 14:36:48.807785: Step 2580: Validation accuracy = 37.0%
2016-11-09 14:36:49.842525: Step 2590: Train accuracy = 49.0%
2016-11-09 14:36:49.843082: Step 2590: Cross entropy = 1.118910
2016-11-09 14:36:49.951360: Step 2590: Validation accuracy = 48.0%
2016-11-09 14:36:51.003496: Step 2600: Train accuracy = 45.0%
2016-11-09 14:36:51.003564: Step 2600: Cross entropy = 1.185608
2016-11-09 14:36:51.109804: Step 2600: Validation accuracy = 45.0%
2016-11-09 14:36:52.206289: Step 2610: Train accuracy = 49.0%
2016-11-09 14:36:52.206378: Step 2610: Cross entropy = 1.160051
2016-11-09 14:36:52.308833: Step 2610: Validation accuracy = 33.0%
2016-11-09 14:36:53.362389: Step 2620: Train accuracy = 63.0%
2016-11-09 14:36:53.362442: Step 2620: Cross entropy = 1.077092
2016-11-09 14:36:53.472123: Step 2620: Validation accuracy = 32.0%
2016-11-09 14:36:54.523565: Step 2630: Train accuracy = 46.0%
2016-11-09 14:36:54.523619: Step 2630: Cross entropy = 1.158078
2016-11-09 14:36:54.619763: Step 2630: Validation accuracy = 35.0%
2016-11-09 14:36:55.680640: Step 2640: Train accuracy = 55.0%
2016-11-09 14:36:55.681759: Step 2640: Cross entropy = 1.136450
2016-11-09 14:36:55.778198: Step 2640: Validation accuracy = 37.0%
2016-11-09 14:36:56.793786: Step 2650: Train accuracy = 56.0%
2016-11-09 14:36:56.793838: Step 2650: Cross entropy = 1.175816
2016-11-09 14:36:56.899892: Step 2650: Validation accuracy = 36.0%
2016-11-09 14:36:57.915002: Step 2660: Train accuracy = 46.0%
2016-11-09 14:36:57.915052: Step 2660: Cross entropy = 1.151752
2016-11-09 14:36:58.019848: Step 2660: Validation accuracy = 34.0%
2016-11-09 14:36:59.005173: Step 2670: Train accuracy = 48.0%
2016-11-09 14:36:59.005222: Step 2670: Cross entropy = 1.194723
2016-11-09 14:36:59.113401: Step 2670: Validation accuracy = 34.0%
2016-11-09 14:37:00.156600: Step 2680: Train accuracy = 50.0%
2016-11-09 14:37:00.156653: Step 2680: Cross entropy = 1.125316
2016-11-09 14:37:00.278671: Step 2680: Validation accuracy = 41.0%
2016-11-09 14:37:01.311968: Step 2690: Train accuracy = 54.0%
2016-11-09 14:37:01.312019: Step 2690: Cross entropy = 1.119709
2016-11-09 14:37:01.410164: Step 2690: Validation accuracy = 28.0%
2016-11-09 14:37:02.456530: Step 2700: Train accuracy = 48.0%
2016-11-09 14:37:02.456578: Step 2700: Cross entropy = 1.200485
2016-11-09 14:37:02.555779: Step 2700: Validation accuracy = 40.0%
2016-11-09 14:37:03.539800: Step 2710: Train accuracy = 59.0%
2016-11-09 14:37:03.539853: Step 2710: Cross entropy = 1.110281
2016-11-09 14:37:03.628765: Step 2710: Validation accuracy = 36.0%
2016-11-09 14:37:04.614815: Step 2720: Train accuracy = 45.0%
2016-11-09 14:37:04.614864: Step 2720: Cross entropy = 1.206206
2016-11-09 14:37:04.715035: Step 2720: Validation accuracy = 34.0%
2016-11-09 14:37:05.741708: Step 2730: Train accuracy = 54.0%
2016-11-09 14:37:05.741754: Step 2730: Cross entropy = 1.131431
2016-11-09 14:37:05.858535: Step 2730: Validation accuracy = 36.0%
2016-11-09 14:37:06.871616: Step 2740: Train accuracy = 48.0%
2016-11-09 14:37:06.871664: Step 2740: Cross entropy = 1.186231
2016-11-09 14:37:06.964577: Step 2740: Validation accuracy = 47.0%
2016-11-09 14:37:07.971012: Step 2750: Train accuracy = 45.0%
2016-11-09 14:37:07.971062: Step 2750: Cross entropy = 1.109810
2016-11-09 14:37:08.076228: Step 2750: Validation accuracy = 37.0%
2016-11-09 14:37:09.074418: Step 2760: Train accuracy = 47.0%
2016-11-09 14:37:09.074466: Step 2760: Cross entropy = 1.113572
2016-11-09 14:37:09.172193: Step 2760: Validation accuracy = 43.0%
2016-11-09 14:37:10.141375: Step 2770: Train accuracy = 49.0%
2016-11-09 14:37:10.141425: Step 2770: Cross entropy = 1.196922
2016-11-09 14:37:10.236040: Step 2770: Validation accuracy = 41.0%
2016-11-09 14:37:11.225484: Step 2780: Train accuracy = 52.0%
2016-11-09 14:37:11.225541: Step 2780: Cross entropy = 1.158570
2016-11-09 14:37:11.338555: Step 2780: Validation accuracy = 43.0%
2016-11-09 14:37:12.329972: Step 2790: Train accuracy = 56.0%
2016-11-09 14:37:12.330024: Step 2790: Cross entropy = 1.085230
2016-11-09 14:37:12.426707: Step 2790: Validation accuracy = 34.0%
2016-11-09 14:37:13.491587: Step 2800: Train accuracy = 54.0%
2016-11-09 14:37:13.491643: Step 2800: Cross entropy = 1.106309
2016-11-09 14:37:13.600799: Step 2800: Validation accuracy = 38.0%
2016-11-09 14:37:14.611671: Step 2810: Train accuracy = 52.0%
2016-11-09 14:37:14.611720: Step 2810: Cross entropy = 1.174850
2016-11-09 14:37:14.712870: Step 2810: Validation accuracy = 34.0%
2016-11-09 14:37:15.696546: Step 2820: Train accuracy = 45.0%
2016-11-09 14:37:15.696595: Step 2820: Cross entropy = 1.101364
2016-11-09 14:37:15.815441: Step 2820: Validation accuracy = 38.0%
2016-11-09 14:37:16.788439: Step 2830: Train accuracy = 50.0%
2016-11-09 14:37:16.788497: Step 2830: Cross entropy = 1.177622
2016-11-09 14:37:16.883839: Step 2830: Validation accuracy = 32.0%
2016-11-09 14:37:17.881591: Step 2840: Train accuracy = 51.0%
2016-11-09 14:37:17.881640: Step 2840: Cross entropy = 1.149566
2016-11-09 14:37:17.977301: Step 2840: Validation accuracy = 34.0%
2016-11-09 14:37:18.989594: Step 2850: Train accuracy = 51.0%
2016-11-09 14:37:18.989687: Step 2850: Cross entropy = 1.136980
2016-11-09 14:37:19.094581: Step 2850: Validation accuracy = 43.0%
2016-11-09 14:37:20.153400: Step 2860: Train accuracy = 50.0%
2016-11-09 14:37:20.153452: Step 2860: Cross entropy = 1.105844
2016-11-09 14:37:20.267522: Step 2860: Validation accuracy = 51.0%
2016-11-09 14:37:21.281611: Step 2870: Train accuracy = 59.0%
2016-11-09 14:37:21.281660: Step 2870: Cross entropy = 1.086030
2016-11-09 14:37:21.384264: Step 2870: Validation accuracy = 37.0%
2016-11-09 14:37:22.345018: Step 2880: Train accuracy = 48.0%
2016-11-09 14:37:22.345073: Step 2880: Cross entropy = 1.218778
2016-11-09 14:37:22.440703: Step 2880: Validation accuracy = 43.0%
2016-11-09 14:37:23.430388: Step 2890: Train accuracy = 51.0%
2016-11-09 14:37:23.430445: Step 2890: Cross entropy = 1.136493
2016-11-09 14:37:23.529400: Step 2890: Validation accuracy = 41.0%
2016-11-09 14:37:24.510199: Step 2900: Train accuracy = 45.0%
2016-11-09 14:37:24.510249: Step 2900: Cross entropy = 1.180621
2016-11-09 14:37:24.605471: Step 2900: Validation accuracy = 38.0%
2016-11-09 14:37:25.608537: Step 2910: Train accuracy = 54.0%
2016-11-09 14:37:25.608587: Step 2910: Cross entropy = 1.064208
2016-11-09 14:37:25.711735: Step 2910: Validation accuracy = 29.0%
2016-11-09 14:37:26.914616: Step 2920: Train accuracy = 49.0%
2016-11-09 14:37:26.914666: Step 2920: Cross entropy = 1.183539
2016-11-09 14:37:27.035981: Step 2920: Validation accuracy = 36.0%
2016-11-09 14:37:28.558381: Step 2930: Train accuracy = 52.0%
2016-11-09 14:37:28.558431: Step 2930: Cross entropy = 1.139332
2016-11-09 14:37:28.708613: Step 2930: Validation accuracy = 48.0%
2016-11-09 14:37:30.164167: Step 2940: Train accuracy = 49.0%
2016-11-09 14:37:30.164218: Step 2940: Cross entropy = 1.132728
2016-11-09 14:37:30.318362: Step 2940: Validation accuracy = 43.0%
2016-11-09 14:37:32.288408: Step 2950: Train accuracy = 47.0%
2016-11-09 14:37:32.288460: Step 2950: Cross entropy = 1.245823
2016-11-09 14:37:32.454863: Step 2950: Validation accuracy = 32.0%
2016-11-09 14:37:33.938705: Step 2960: Train accuracy = 59.0%
2016-11-09 14:37:33.938754: Step 2960: Cross entropy = 1.057357
2016-11-09 14:37:34.102247: Step 2960: Validation accuracy = 37.0%
2016-11-09 14:37:35.764258: Step 2970: Train accuracy = 49.0%
2016-11-09 14:37:35.764317: Step 2970: Cross entropy = 1.131131
2016-11-09 14:37:35.918629: Step 2970: Validation accuracy = 38.0%
2016-11-09 14:37:37.638050: Step 2980: Train accuracy = 52.0%
2016-11-09 14:37:37.638121: Step 2980: Cross entropy = 1.160847
2016-11-09 14:37:37.794605: Step 2980: Validation accuracy = 31.0%
2016-11-09 14:37:39.470125: Step 2990: Train accuracy = 54.0%
2016-11-09 14:37:39.470180: Step 2990: Cross entropy = 1.198621
2016-11-09 14:37:39.636846: Step 2990: Validation accuracy = 43.0%
2016-11-09 14:37:41.285025: Step 3000: Train accuracy = 46.0%
2016-11-09 14:37:41.285085: Step 3000: Cross entropy = 1.178906
2016-11-09 14:37:41.439797: Step 3000: Validation accuracy = 47.0%
2016-11-09 14:37:43.219922: Step 3010: Train accuracy = 53.0%
2016-11-09 14:37:43.219978: Step 3010: Cross entropy = 1.142347
2016-11-09 14:37:43.392937: Step 3010: Validation accuracy = 48.0%
2016-11-09 14:37:45.522117: Step 3020: Train accuracy = 43.0%
2016-11-09 14:37:45.522169: Step 3020: Cross entropy = 1.206060
2016-11-09 14:37:45.713744: Step 3020: Validation accuracy = 39.0%
2016-11-09 14:37:47.696336: Step 3030: Train accuracy = 47.0%
2016-11-09 14:37:47.696404: Step 3030: Cross entropy = 1.197362
2016-11-09 14:37:47.891449: Step 3030: Validation accuracy = 40.0%
2016-11-09 14:37:50.278193: Step 3040: Train accuracy = 45.0%
2016-11-09 14:37:50.278257: Step 3040: Cross entropy = 1.186948
2016-11-09 14:37:50.541595: Step 3040: Validation accuracy = 41.0%
2016-11-09 14:37:53.046172: Step 3050: Train accuracy = 51.0%
2016-11-09 14:37:53.046250: Step 3050: Cross entropy = 1.205353
2016-11-09 14:37:53.415208: Step 3050: Validation accuracy = 42.0%
2016-11-09 14:37:55.886221: Step 3060: Train accuracy = 45.0%
2016-11-09 14:37:55.886275: Step 3060: Cross entropy = 1.155478
2016-11-09 14:37:56.108071: Step 3060: Validation accuracy = 41.0%
2016-11-09 14:37:58.365193: Step 3070: Train accuracy = 63.0%
2016-11-09 14:37:58.365259: Step 3070: Cross entropy = 1.074029
2016-11-09 14:37:58.614011: Step 3070: Validation accuracy = 29.0%
2016-11-09 14:38:01.355870: Step 3080: Train accuracy = 45.0%
2016-11-09 14:38:01.355939: Step 3080: Cross entropy = 1.174880
2016-11-09 14:38:01.575993: Step 3080: Validation accuracy = 37.0%
2016-11-09 14:38:03.769202: Step 3090: Train accuracy = 50.0%
2016-11-09 14:38:03.769288: Step 3090: Cross entropy = 1.130548
2016-11-09 14:38:04.015979: Step 3090: Validation accuracy = 32.0%
2016-11-09 14:38:06.291705: Step 3100: Train accuracy = 49.0%
2016-11-09 14:38:06.292121: Step 3100: Cross entropy = 1.169957
2016-11-09 14:38:06.639136: Step 3100: Validation accuracy = 33.0%
2016-11-09 14:38:09.228391: Step 3110: Train accuracy = 52.0%
2016-11-09 14:38:09.228467: Step 3110: Cross entropy = 1.115219
2016-11-09 14:38:09.476174: Step 3110: Validation accuracy = 32.0%
2016-11-09 14:38:11.744546: Step 3120: Train accuracy = 46.0%
2016-11-09 14:38:11.744650: Step 3120: Cross entropy = 1.156353
2016-11-09 14:38:12.054443: Step 3120: Validation accuracy = 33.0%
2016-11-09 14:38:14.457430: Step 3130: Train accuracy = 50.0%
2016-11-09 14:38:14.457512: Step 3130: Cross entropy = 1.198981
2016-11-09 14:38:14.678717: Step 3130: Validation accuracy = 36.0%
2016-11-09 14:38:16.630825: Step 3140: Train accuracy = 48.0%
2016-11-09 14:38:16.630875: Step 3140: Cross entropy = 1.169954
2016-11-09 14:38:16.815593: Step 3140: Validation accuracy = 40.0%
2016-11-09 14:38:18.582058: Step 3150: Train accuracy = 55.0%
2016-11-09 14:38:18.582108: Step 3150: Cross entropy = 1.099154
2016-11-09 14:38:18.742503: Step 3150: Validation accuracy = 35.0%
2016-11-09 14:38:20.460569: Step 3160: Train accuracy = 51.0%
2016-11-09 14:38:20.460620: Step 3160: Cross entropy = 1.110103
2016-11-09 14:38:20.618785: Step 3160: Validation accuracy = 44.0%
2016-11-09 14:38:22.539324: Step 3170: Train accuracy = 51.0%
2016-11-09 14:38:22.539376: Step 3170: Cross entropy = 1.139918
2016-11-09 14:38:22.706976: Step 3170: Validation accuracy = 46.0%
2016-11-09 14:38:24.450204: Step 3180: Train accuracy = 56.0%
2016-11-09 14:38:24.450272: Step 3180: Cross entropy = 1.116305
2016-11-09 14:38:24.655560: Step 3180: Validation accuracy = 45.0%
2016-11-09 14:38:26.532206: Step 3190: Train accuracy = 59.0%
2016-11-09 14:38:26.533189: Step 3190: Cross entropy = 1.090518
2016-11-09 14:38:26.731643: Step 3190: Validation accuracy = 40.0%
2016-11-09 14:38:28.565372: Step 3200: Train accuracy = 51.0%
2016-11-09 14:38:28.565438: Step 3200: Cross entropy = 1.179202
2016-11-09 14:38:28.719646: Step 3200: Validation accuracy = 40.0%
2016-11-09 14:38:30.299728: Step 3210: Train accuracy = 51.0%
2016-11-09 14:38:30.299787: Step 3210: Cross entropy = 1.173866
2016-11-09 14:38:30.471118: Step 3210: Validation accuracy = 43.0%
2016-11-09 14:38:32.017074: Step 3220: Train accuracy = 48.0%
2016-11-09 14:38:32.017130: Step 3220: Cross entropy = 1.242577
2016-11-09 14:38:32.181481: Step 3220: Validation accuracy = 34.0%
2016-11-09 14:38:33.798150: Step 3230: Train accuracy = 52.0%
2016-11-09 14:38:33.798203: Step 3230: Cross entropy = 1.195599
2016-11-09 14:38:33.965592: Step 3230: Validation accuracy = 35.0%
2016-11-09 14:38:35.533952: Step 3240: Train accuracy = 52.0%
2016-11-09 14:38:35.534001: Step 3240: Cross entropy = 1.115729
2016-11-09 14:38:35.688315: Step 3240: Validation accuracy = 34.0%
2016-11-09 14:38:37.245605: Step 3250: Train accuracy = 52.0%
2016-11-09 14:38:37.245658: Step 3250: Cross entropy = 1.151476
2016-11-09 14:38:37.413805: Step 3250: Validation accuracy = 35.0%
2016-11-09 14:38:38.976170: Step 3260: Train accuracy = 45.0%
2016-11-09 14:38:38.976251: Step 3260: Cross entropy = 1.176283
2016-11-09 14:38:39.131782: Step 3260: Validation accuracy = 31.0%
2016-11-09 14:38:40.689709: Step 3270: Train accuracy = 49.0%
2016-11-09 14:38:40.689766: Step 3270: Cross entropy = 1.162104
2016-11-09 14:38:40.857796: Step 3270: Validation accuracy = 46.0%
2016-11-09 14:38:42.484453: Step 3280: Train accuracy = 53.0%
2016-11-09 14:38:42.484501: Step 3280: Cross entropy = 1.191613
2016-11-09 14:38:42.647944: Step 3280: Validation accuracy = 39.0%
2016-11-09 14:38:44.234588: Step 3290: Train accuracy = 43.0%
2016-11-09 14:38:44.234676: Step 3290: Cross entropy = 1.157293
2016-11-09 14:38:44.400666: Step 3290: Validation accuracy = 38.0%
2016-11-09 14:38:46.016623: Step 3300: Train accuracy = 52.0%
2016-11-09 14:38:46.016675: Step 3300: Cross entropy = 1.101199
2016-11-09 14:38:46.191063: Step 3300: Validation accuracy = 30.0%
2016-11-09 14:38:47.822361: Step 3310: Train accuracy = 52.0%
2016-11-09 14:38:47.822411: Step 3310: Cross entropy = 1.154644
2016-11-09 14:38:47.984599: Step 3310: Validation accuracy = 37.0%
2016-11-09 14:38:49.521440: Step 3320: Train accuracy = 52.0%
2016-11-09 14:38:49.521493: Step 3320: Cross entropy = 1.118889
2016-11-09 14:38:49.726789: Step 3320: Validation accuracy = 35.0%
2016-11-09 14:38:51.274102: Step 3330: Train accuracy = 49.0%
2016-11-09 14:38:51.274151: Step 3330: Cross entropy = 1.123615
2016-11-09 14:38:51.425506: Step 3330: Validation accuracy = 30.0%
2016-11-09 14:38:52.890488: Step 3340: Train accuracy = 51.0%
2016-11-09 14:38:52.890546: Step 3340: Cross entropy = 1.151513
2016-11-09 14:38:53.037529: Step 3340: Validation accuracy = 37.0%
2016-11-09 14:38:54.570995: Step 3350: Train accuracy = 52.0%
2016-11-09 14:38:54.571055: Step 3350: Cross entropy = 1.129463
2016-11-09 14:38:54.726729: Step 3350: Validation accuracy = 34.0%
2016-11-09 14:38:56.180150: Step 3360: Train accuracy = 50.0%
2016-11-09 14:38:56.180211: Step 3360: Cross entropy = 1.134669
2016-11-09 14:38:56.332739: Step 3360: Validation accuracy = 38.0%
2016-11-09 14:38:57.837995: Step 3370: Train accuracy = 55.0%
2016-11-09 14:38:57.838066: Step 3370: Cross entropy = 1.150420
2016-11-09 14:38:57.995605: Step 3370: Validation accuracy = 38.0%
2016-11-09 14:38:59.540148: Step 3380: Train accuracy = 53.0%
2016-11-09 14:38:59.540200: Step 3380: Cross entropy = 1.120202
2016-11-09 14:38:59.698334: Step 3380: Validation accuracy = 36.0%
2016-11-09 14:39:01.236661: Step 3390: Train accuracy = 56.0%
2016-11-09 14:39:01.236708: Step 3390: Cross entropy = 1.128792
2016-11-09 14:39:01.380037: Step 3390: Validation accuracy = 39.0%
2016-11-09 14:39:03.005298: Step 3400: Train accuracy = 48.0%
2016-11-09 14:39:03.005351: Step 3400: Cross entropy = 1.143846
2016-11-09 14:39:03.176397: Step 3400: Validation accuracy = 35.0%
2016-11-09 14:39:04.775196: Step 3410: Train accuracy = 52.0%
2016-11-09 14:39:04.775256: Step 3410: Cross entropy = 1.072995
2016-11-09 14:39:04.930580: Step 3410: Validation accuracy = 42.0%
2016-11-09 14:39:06.460565: Step 3420: Train accuracy = 43.0%
2016-11-09 14:39:06.460613: Step 3420: Cross entropy = 1.216474
2016-11-09 14:39:06.631209: Step 3420: Validation accuracy = 30.0%
2016-11-09 14:39:08.257955: Step 3430: Train accuracy = 48.0%
2016-11-09 14:39:08.258005: Step 3430: Cross entropy = 1.157747
2016-11-09 14:39:08.432820: Step 3430: Validation accuracy = 37.0%
2016-11-09 14:39:10.041117: Step 3440: Train accuracy = 54.0%
2016-11-09 14:39:10.041165: Step 3440: Cross entropy = 1.082508
2016-11-09 14:39:10.202288: Step 3440: Validation accuracy = 44.0%
2016-11-09 14:39:11.760769: Step 3450: Train accuracy = 43.0%
2016-11-09 14:39:11.760818: Step 3450: Cross entropy = 1.176978
2016-11-09 14:39:11.918973: Step 3450: Validation accuracy = 43.0%
2016-11-09 14:39:13.479205: Step 3460: Train accuracy = 45.0%
2016-11-09 14:39:13.479255: Step 3460: Cross entropy = 1.146381
2016-11-09 14:39:13.630834: Step 3460: Validation accuracy = 31.0%
2016-11-09 14:39:15.183565: Step 3470: Train accuracy = 49.0%
2016-11-09 14:39:15.183615: Step 3470: Cross entropy = 1.115570
2016-11-09 14:39:15.322475: Step 3470: Validation accuracy = 47.0%
2016-11-09 14:39:16.845020: Step 3480: Train accuracy = 60.0%
2016-11-09 14:39:16.845072: Step 3480: Cross entropy = 1.057773
2016-11-09 14:39:17.009324: Step 3480: Validation accuracy = 36.0%
2016-11-09 14:39:18.596271: Step 3490: Train accuracy = 44.0%
2016-11-09 14:39:18.596321: Step 3490: Cross entropy = 1.227806
2016-11-09 14:39:18.750076: Step 3490: Validation accuracy = 31.0%
2016-11-09 14:39:20.361265: Step 3500: Train accuracy = 45.0%
2016-11-09 14:39:20.361333: Step 3500: Cross entropy = 1.198870
2016-11-09 14:39:20.500306: Step 3500: Validation accuracy = 46.0%
2016-11-09 14:39:22.070715: Step 3510: Train accuracy = 49.0%
2016-11-09 14:39:22.070781: Step 3510: Cross entropy = 1.145192
2016-11-09 14:39:22.222641: Step 3510: Validation accuracy = 45.0%
2016-11-09 14:39:23.739020: Step 3520: Train accuracy = 50.0%
2016-11-09 14:39:23.739075: Step 3520: Cross entropy = 1.087096
2016-11-09 14:39:23.888210: Step 3520: Validation accuracy = 38.0%
2016-11-09 14:39:25.440190: Step 3530: Train accuracy = 49.0%
2016-11-09 14:39:25.440246: Step 3530: Cross entropy = 1.181876
2016-11-09 14:39:25.604765: Step 3530: Validation accuracy = 40.0%
2016-11-09 14:39:27.151453: Step 3540: Train accuracy = 53.0%
2016-11-09 14:39:27.151504: Step 3540: Cross entropy = 1.110314
2016-11-09 14:39:27.289784: Step 3540: Validation accuracy = 40.0%
2016-11-09 14:39:28.828188: Step 3550: Train accuracy = 57.0%
2016-11-09 14:39:28.828238: Step 3550: Cross entropy = 1.075638
2016-11-09 14:39:28.983368: Step 3550: Validation accuracy = 37.0%
2016-11-09 14:39:30.552408: Step 3560: Train accuracy = 42.0%
2016-11-09 14:39:30.553468: Step 3560: Cross entropy = 1.185872
2016-11-09 14:39:30.710608: Step 3560: Validation accuracy = 35.0%
2016-11-09 14:39:32.305399: Step 3570: Train accuracy = 50.0%
2016-11-09 14:39:32.305449: Step 3570: Cross entropy = 1.134622
2016-11-09 14:39:32.453038: Step 3570: Validation accuracy = 30.0%
2016-11-09 14:39:33.963836: Step 3580: Train accuracy = 53.0%
2016-11-09 14:39:33.963881: Step 3580: Cross entropy = 1.165469
2016-11-09 14:39:34.136252: Step 3580: Validation accuracy = 31.0%
2016-11-09 14:39:35.672185: Step 3590: Train accuracy = 48.0%
2016-11-09 14:39:35.672237: Step 3590: Cross entropy = 1.135521
2016-11-09 14:39:35.799965: Step 3590: Validation accuracy = 36.0%
2016-11-09 14:39:37.126853: Step 3600: Train accuracy = 51.0%
2016-11-09 14:39:37.126919: Step 3600: Cross entropy = 1.132469
2016-11-09 14:39:37.295642: Step 3600: Validation accuracy = 42.0%
2016-11-09 14:39:38.930159: Step 3610: Train accuracy = 49.0%
2016-11-09 14:39:38.930209: Step 3610: Cross entropy = 1.151371
2016-11-09 14:39:39.083595: Step 3610: Validation accuracy = 39.0%
2016-11-09 14:39:40.721480: Step 3620: Train accuracy = 52.0%
2016-11-09 14:39:40.721531: Step 3620: Cross entropy = 1.126873
2016-11-09 14:39:40.879559: Step 3620: Validation accuracy = 45.0%
2016-11-09 14:39:42.493338: Step 3630: Train accuracy = 51.0%
2016-11-09 14:39:42.493387: Step 3630: Cross entropy = 1.114616
2016-11-09 14:39:42.670396: Step 3630: Validation accuracy = 31.0%
2016-11-09 14:39:44.259063: Step 3640: Train accuracy = 45.0%
2016-11-09 14:39:44.259118: Step 3640: Cross entropy = 1.168960
2016-11-09 14:39:44.431048: Step 3640: Validation accuracy = 43.0%
2016-11-09 14:39:46.033656: Step 3650: Train accuracy = 52.0%
2016-11-09 14:39:46.033748: Step 3650: Cross entropy = 1.146698
2016-11-09 14:39:46.205827: Step 3650: Validation accuracy = 38.0%
2016-11-09 14:39:47.758431: Step 3660: Train accuracy = 52.0%
2016-11-09 14:39:47.758480: Step 3660: Cross entropy = 1.095320
2016-11-09 14:39:47.940614: Step 3660: Validation accuracy = 32.0%
2016-11-09 14:39:49.518964: Step 3670: Train accuracy = 48.0%
2016-11-09 14:39:49.519027: Step 3670: Cross entropy = 1.119485
2016-11-09 14:39:49.702489: Step 3670: Validation accuracy = 40.0%
2016-11-09 14:39:51.317353: Step 3680: Train accuracy = 51.0%
2016-11-09 14:39:51.317410: Step 3680: Cross entropy = 1.202149
2016-11-09 14:39:51.480140: Step 3680: Validation accuracy = 39.0%
2016-11-09 14:39:53.043107: Step 3690: Train accuracy = 52.0%
2016-11-09 14:39:53.043158: Step 3690: Cross entropy = 1.067347
2016-11-09 14:39:53.207714: Step 3690: Validation accuracy = 33.0%
2016-11-09 14:39:54.849333: Step 3700: Train accuracy = 58.0%
2016-11-09 14:39:54.849384: Step 3700: Cross entropy = 1.135850
2016-11-09 14:39:55.009429: Step 3700: Validation accuracy = 32.0%
2016-11-09 14:39:56.598092: Step 3710: Train accuracy = 52.0%
2016-11-09 14:39:56.598147: Step 3710: Cross entropy = 1.139251
2016-11-09 14:39:56.754687: Step 3710: Validation accuracy = 36.0%
2016-11-09 14:39:58.379362: Step 3720: Train accuracy = 52.0%
2016-11-09 14:39:58.379421: Step 3720: Cross entropy = 1.105388
2016-11-09 14:39:58.535860: Step 3720: Validation accuracy = 51.0%
2016-11-09 14:40:00.051367: Step 3730: Train accuracy = 57.0%
2016-11-09 14:40:00.051416: Step 3730: Cross entropy = 1.070043
2016-11-09 14:40:00.220899: Step 3730: Validation accuracy = 32.0%
2016-11-09 14:40:01.848485: Step 3740: Train accuracy = 50.0%
2016-11-09 14:40:01.848535: Step 3740: Cross entropy = 1.132172
2016-11-09 14:40:02.004521: Step 3740: Validation accuracy = 33.0%
2016-11-09 14:40:03.660405: Step 3750: Train accuracy = 49.0%
2016-11-09 14:40:03.660461: Step 3750: Cross entropy = 1.155799
2016-11-09 14:40:03.811536: Step 3750: Validation accuracy = 29.0%
2016-11-09 14:40:05.424109: Step 3760: Train accuracy = 54.0%
2016-11-09 14:40:05.424160: Step 3760: Cross entropy = 1.122350
2016-11-09 14:40:05.582374: Step 3760: Validation accuracy = 39.0%
2016-11-09 14:40:07.210064: Step 3770: Train accuracy = 52.0%
2016-11-09 14:40:07.210118: Step 3770: Cross entropy = 1.092162
2016-11-09 14:40:07.379102: Step 3770: Validation accuracy = 31.0%
2016-11-09 14:40:09.020246: Step 3780: Train accuracy = 58.0%
2016-11-09 14:40:09.020312: Step 3780: Cross entropy = 1.103230
2016-11-09 14:40:09.188032: Step 3780: Validation accuracy = 38.0%
2016-11-09 14:40:10.771870: Step 3790: Train accuracy = 54.0%
2016-11-09 14:40:10.771924: Step 3790: Cross entropy = 1.123758
2016-11-09 14:40:10.928915: Step 3790: Validation accuracy = 39.0%
2016-11-09 14:40:12.574331: Step 3800: Train accuracy = 58.0%
2016-11-09 14:40:12.574380: Step 3800: Cross entropy = 1.072283
2016-11-09 14:40:12.733661: Step 3800: Validation accuracy = 32.0%
2016-11-09 14:40:14.381622: Step 3810: Train accuracy = 46.0%
2016-11-09 14:40:14.381685: Step 3810: Cross entropy = 1.186644
2016-11-09 14:40:14.550178: Step 3810: Validation accuracy = 37.0%
2016-11-09 14:40:16.205643: Step 3820: Train accuracy = 53.0%
2016-11-09 14:40:16.205718: Step 3820: Cross entropy = 1.129584
2016-11-09 14:40:16.372183: Step 3820: Validation accuracy = 36.0%
2016-11-09 14:40:17.896238: Step 3830: Train accuracy = 48.0%
2016-11-09 14:40:17.896294: Step 3830: Cross entropy = 1.197633
2016-11-09 14:40:18.046533: Step 3830: Validation accuracy = 41.0%
2016-11-09 14:40:19.527621: Step 3840: Train accuracy = 56.0%
2016-11-09 14:40:19.527671: Step 3840: Cross entropy = 1.125290
2016-11-09 14:40:19.718621: Step 3840: Validation accuracy = 35.0%
2016-11-09 14:40:21.248820: Step 3850: Train accuracy = 48.0%
2016-11-09 14:40:21.248869: Step 3850: Cross entropy = 1.158260
2016-11-09 14:40:21.393319: Step 3850: Validation accuracy = 39.0%
2016-11-09 14:40:22.817780: Step 3860: Train accuracy = 50.0%
2016-11-09 14:40:22.817830: Step 3860: Cross entropy = 1.096491
2016-11-09 14:40:22.956821: Step 3860: Validation accuracy = 42.0%
2016-11-09 14:40:24.397002: Step 3870: Train accuracy = 47.0%
2016-11-09 14:40:24.397053: Step 3870: Cross entropy = 1.153947
2016-11-09 14:40:24.546130: Step 3870: Validation accuracy = 44.0%
2016-11-09 14:40:25.978455: Step 3880: Train accuracy = 43.0%
2016-11-09 14:40:25.978504: Step 3880: Cross entropy = 1.187509
2016-11-09 14:40:26.118792: Step 3880: Validation accuracy = 33.0%
2016-11-09 14:40:27.515904: Step 3890: Train accuracy = 53.0%
2016-11-09 14:40:27.515953: Step 3890: Cross entropy = 1.141785
2016-11-09 14:40:27.667545: Step 3890: Validation accuracy = 44.0%
2016-11-09 14:40:29.138772: Step 3900: Train accuracy = 51.0%
2016-11-09 14:40:29.138829: Step 3900: Cross entropy = 1.150303
2016-11-09 14:40:29.305389: Step 3900: Validation accuracy = 40.0%
2016-11-09 14:40:30.889561: Step 3910: Train accuracy = 55.0%
2016-11-09 14:40:30.889612: Step 3910: Cross entropy = 1.134266
2016-11-09 14:40:31.058395: Step 3910: Validation accuracy = 32.0%
2016-11-09 14:40:32.614554: Step 3920: Train accuracy = 59.0%
2016-11-09 14:40:32.614603: Step 3920: Cross entropy = 0.982637
2016-11-09 14:40:32.780027: Step 3920: Validation accuracy = 36.0%
2016-11-09 14:40:34.379377: Step 3930: Train accuracy = 50.0%
2016-11-09 14:40:34.379434: Step 3930: Cross entropy = 1.084382
2016-11-09 14:40:34.543750: Step 3930: Validation accuracy = 40.0%
2016-11-09 14:40:36.137492: Step 3940: Train accuracy = 44.0%
2016-11-09 14:40:36.137542: Step 3940: Cross entropy = 1.211941
2016-11-09 14:40:36.301511: Step 3940: Validation accuracy = 42.0%
2016-11-09 14:40:37.915508: Step 3950: Train accuracy = 46.0%
2016-11-09 14:40:37.915558: Step 3950: Cross entropy = 1.153962
2016-11-09 14:40:38.079541: Step 3950: Validation accuracy = 42.0%
2016-11-09 14:40:39.388969: Step 3960: Train accuracy = 55.0%
2016-11-09 14:40:39.389025: Step 3960: Cross entropy = 1.139321
2016-11-09 14:40:39.513845: Step 3960: Validation accuracy = 47.0%
2016-11-09 14:40:41.006757: Step 3970: Train accuracy = 44.0%
2016-11-09 14:40:41.006807: Step 3970: Cross entropy = 1.129261
2016-11-09 14:40:41.191845: Step 3970: Validation accuracy = 37.0%
2016-11-09 14:40:42.872767: Step 3980: Train accuracy = 51.0%
2016-11-09 14:40:42.872812: Step 3980: Cross entropy = 1.141541
2016-11-09 14:40:43.035522: Step 3980: Validation accuracy = 38.0%
2016-11-09 14:40:44.645944: Step 3990: Train accuracy = 43.0%
2016-11-09 14:40:44.645994: Step 3990: Cross entropy = 1.171499
2016-11-09 14:40:44.804093: Step 3990: Validation accuracy = 32.0%
2016-11-09 14:40:46.210843: Step 3999: Train accuracy = 47.0%
2016-11-09 14:40:46.210918: Step 3999: Cross entropy = 1.151883
2016-11-09 14:40:46.360444: Step 3999: Validation accuracy = 43.0%
Final test accuracy = 40.2%
Converted 2 variables to const ops.
