Starting epoch 30/33 of training...


Epoch 30, test accuracy is 0.1 

0/90

Step 0, training accuracy is 1 

prediction: 	 6
true label: 	 6

1/90
prediction: 	 7
true label: 	 7

2/90
prediction: 	 1
true label: 	 1

3/90
prediction: 	 4
true label: 	 4

4/90
prediction: 	 3
true label: 	 3

5/90

Step 5, training accuracy is 0.99 

prediction: 	 3
true label: 	 3

6/90
prediction: 	 3
true label: 	 3

7/90
prediction: 	 1
true label: 	 1

8/90
prediction: 	 1
true label: 	 1

9/90
prediction: 	 5
true label: 	 5

10/90

Step 10, training accuracy is 0.99 

prediction: 	 1
true label: 	 1

11/90
prediction: 	 3
true label: 	 3

12/90
prediction: 	 1
true label: 	 1

13/90
prediction: 	 2
true label: 	 2

14/90
prediction: 	 5
true label: 	 5

15/90

Step 15, training accuracy is 0.99 

prediction: 	 2
true label: 	 2

16/90
prediction: 	 4
true label: 	 4

17/90
prediction: 	 3
true label: 	 3

18/90
prediction: 	 5
true label: 	 5

19/90
prediction: 	 9
true label: 	 9

20/90

Step 20, training accuracy is 0.99 

prediction: 	 4
true label: 	 4

21/90
prediction: 	 1
true label: 	 1

22/90
prediction: 	 4
true label: 	 4

23/90
prediction: 	 6
true label: 	 6

24/90
prediction: 	 5
true label: 	 5

25/90

Step 25, training accuracy is 0.99 

prediction: 	 2
true label: 	 2

26/90
prediction: 	 3
true label: 	 3

27/90
prediction: 	 2
true label: 	 2

28/90
prediction: 	 4
true label: 	 4

29/90
prediction: 	 4
true label: 	 4

30/90

Step 30, training accuracy is 1 

prediction: 	 1
true label: 	 1

31/90
prediction: 	 4
true label: 	 4

32/90
prediction: 	 3
true label: 	 3

33/90
prediction: 	 1
true label: 	 1

34/90
prediction: 	 0
true label: 	 0

35/90

Step 35, training accuracy is 1 

prediction: 	 5
true label: 	 5

36/90
prediction: 	 3
true label: 	 3

37/90
prediction: 	 6
true label: 	 6

38/90
prediction: 	 5
true label: 	 5

39/90
prediction: 	 2
true label: 	 2

40/90

Step 40, training accuracy is 1 

prediction: 	 5
true label: 	 5

41/90
prediction: 	 7
true label: 	 7

42/90
prediction: 	 7
true label: 	 7

43/90
prediction: 	 1
true label: 	 1

44/90
prediction: 	 3
true label: 	 3

45/90

Step 45, training accuracy is 1 

prediction: 	 3
true label: 	 3

46/90
prediction: 	 3
true label: 	 3

47/90
prediction: 	 2
true label: 	 2

48/90
prediction: 	 7
true label: 	 7

49/90
prediction: 	 2
true label: 	 2

50/90

Step 50, training accuracy is 1 

prediction: 	 1
true label: 	 1

51/90
prediction: 	 7
true label: 	 7

52/90
prediction: 	 1
true label: 	 1

53/90
prediction: 	 5
true label: 	 5

54/90
prediction: 	 9
true label: 	 9

55/90

Step 55, training accuracy is 1 

prediction: 	 5
true label: 	 5

56/90
prediction: 	 2
true label: 	 2

57/90
prediction: 	 1
true label: 	 1

58/90
prediction: 	 1
true label: 	 1

59/90
prediction: 	 4
true label: 	 4

60/90

Step 60, training accuracy is 1 

prediction: 	 4
true label: 	 4

61/90
prediction: 	 1
true label: 	 1

62/90
prediction: 	 1
true label: 	 1

63/90
prediction: 	 1
true label: 	 1

64/90
prediction: 	 4
true label: 	 4

65/90

Step 65, training accuracy is 1 

prediction: 	 1
true label: 	 1

66/90
prediction: 	 4
true label: 	 4

67/90
prediction: 	 4
true label: 	 4

68/90
prediction: 	 1
true label: 	 1

69/90
prediction: 	 1
true label: 	 1

70/90

Step 70, training accuracy is 1 

prediction: 	 3
true label: 	 3

71/90
prediction: 	 1
true label: 	 1

72/90
prediction: 	 9
true label: 	 9

73/90
prediction: 	 2
true label: 	 2

74/90
prediction: 	 1
true label: 	 1

75/90

Step 75, training accuracy is 1 

prediction: 	 1
true label: 	 1

76/90
prediction: 	 5
true label: 	 5

77/90
prediction: 	 8
true label: 	 8

78/90
prediction: 	 5
true label: 	 5

79/90
prediction: 	 3
true label: 	 3

80/90

Step 80, training accuracy is 1 

prediction: 	 5
true label: 	 5

81/90
prediction: 	 5
true label: 	 5

82/90
prediction: 	 4
true label: 	 4

83/90
prediction: 	 2
true label: 	 2

84/90
prediction: 	 1
true label: 	 1

85/90

Step 85, training accuracy is 1 

prediction: 	 5
true label: 	 5

86/90
prediction: 	 1
true label: 	 1

87/90
prediction: 	 1
true label: 	 1

88/90
prediction: 	 3
true label: 	 3

89/90
prediction: 	 7
true label: 	 7


Starting epoch 31/33 of training...


Epoch 31, test accuracy is 0.1 

0/90

Step 0, training accuracy is 1 

prediction: 	 6
true label: 	 6

1/90
prediction: 	 7
true label: 	 7

2/90
prediction: 	 1
true label: 	 1

3/90
prediction: 	 4
true label: 	 4

4/90
prediction: 	 3
true label: 	 3

5/90

Step 5, training accuracy is 1 

prediction: 	 3
true label: 	 3

6/90
prediction: 	 3
true label: 	 3

7/90
prediction: 	 1
true label: 	 1

8/90
prediction: 	 1
true label: 	 1

9/90
prediction: 	 5
true label: 	 5

10/90

Step 10, training accuracy is 1 

prediction: 	 1
true label: 	 1

11/90
prediction: 	 3
true label: 	 3

12/90
prediction: 	 1
true label: 	 1

13/90
prediction: 	 2
true label: 	 2

14/90
prediction: 	 5
true label: 	 5

15/90

Step 15, training accuracy is 1 

prediction: 	 2
true label: 	 2

16/90
prediction: 	 4
true label: 	 4

17/90
prediction: 	 3
true label: 	 3

18/90
prediction: 	 5
true label: 	 5

19/90
prediction: 	 9
true label: 	 9

20/90

Step 20, training accuracy is 1 

prediction: 	 4
true label: 	 4

21/90
prediction: 	 1
true label: 	 1

22/90
prediction: 	 4
true label: 	 4

23/90
prediction: 	 6
true label: 	 6

24/90
prediction: 	 5
true label: 	 5

25/90

Step 25, training accuracy is 1 

prediction: 	 2
true label: 	 2

26/90
prediction: 	 3
true label: 	 3

27/90
prediction: 	 2
true label: 	 2

28/90
prediction: 	 4
true label: 	 4

29/90
prediction: 	 4
true label: 	 4

30/90

Step 30, training accuracy is 1 

prediction: 	 1
true label: 	 1

31/90
prediction: 	 4
true label: 	 4

32/90
prediction: 	 3
true label: 	 3

33/90
prediction: 	 1
true label: 	 1

34/90
prediction: 	 0
true label: 	 0

35/90

Step 35, training accuracy is 1 

prediction: 	 5
true label: 	 5

36/90
prediction: 	 3
true label: 	 3

37/90
prediction: 	 6
true label: 	 6

38/90
prediction: 	 5
true label: 	 5

39/90
prediction: 	 2
true label: 	 2

40/90

Step 40, training accuracy is 1 

prediction: 	 5
true label: 	 5

41/90
prediction: 	 7
true label: 	 7

42/90
prediction: 	 7
true label: 	 7

43/90
prediction: 	 1
true label: 	 1

44/90
prediction: 	 3
true label: 	 3

45/90

Step 45, training accuracy is 1 

prediction: 	 3
true label: 	 3

46/90
prediction: 	 3
true label: 	 3

47/90
prediction: 	 2
true label: 	 2

48/90
prediction: 	 7
true label: 	 7

49/90
prediction: 	 2
true label: 	 2

50/90

Step 50, training accuracy is 1 

prediction: 	 1
true label: 	 1

51/90
prediction: 	 7
true label: 	 7

52/90
prediction: 	 1
true label: 	 1

53/90
prediction: 	 5
true label: 	 5

54/90
prediction: 	 9
true label: 	 9

55/90

Step 55, training accuracy is 1 

prediction: 	 5
true label: 	 5

56/90
prediction: 	 2
true label: 	 2

57/90
prediction: 	 1
true label: 	 1

58/90
prediction: 	 1
true label: 	 1

59/90
prediction: 	 4
true label: 	 4

60/90

Step 60, training accuracy is 1 

prediction: 	 4
true label: 	 4

61/90
prediction: 	 1
true label: 	 1

62/90
prediction: 	 1
true label: 	 1

63/90
prediction: 	 1
true label: 	 1

64/90
prediction: 	 4
true label: 	 4

65/90

Step 65, training accuracy is 1 

prediction: 	 1
true label: 	 1

66/90
prediction: 	 4
true label: 	 4

67/90
prediction: 	 4
true label: 	 4

68/90
prediction: 	 1
true label: 	 1

69/90
prediction: 	 1
true label: 	 1

70/90

Step 70, training accuracy is 1 

prediction: 	 3
true label: 	 3

71/90
prediction: 	 1
true label: 	 1

72/90
prediction: 	 9
true label: 	 9

73/90
prediction: 	 2
true label: 	 2

74/90
prediction: 	 1
true label: 	 1

75/90

Step 75, training accuracy is 1 

prediction: 	 1
true label: 	 1

76/90
prediction: 	 5
true label: 	 5

77/90
prediction: 	 8
true label: 	 8

78/90
prediction: 	 5
true label: 	 5

79/90
prediction: 	 3
true label: 	 3

80/90

Step 80, training accuracy is 1 

prediction: 	 5
true label: 	 5

81/90
prediction: 	 5
true label: 	 5

82/90
prediction: 	 4
true label: 	 4

83/90
prediction: 	 2
true label: 	 2

84/90
prediction: 	 1
true label: 	 1

85/90

Step 85, training accuracy is 1 

prediction: 	 5
true label: 	 5

86/90
prediction: 	 1
true label: 	 1

87/90
prediction: 	 1
true label: 	 1

88/90
prediction: 	 3
true label: 	 3

89/90
prediction: 	 7
true label: 	 7


Starting epoch 32/33 of training...


Epoch 32, test accuracy is 0.1 

0/90

Step 0, training accuracy is 1 

prediction: 	 6
true label: 	 6

1/90
prediction: 	 7
true label: 	 7

2/90
prediction: 	 1
true label: 	 1

3/90
prediction: 	 4
true label: 	 4

4/90
prediction: 	 3
true label: 	 3

5/90

Step 5, training accuracy is 1 

prediction: 	 3
true label: 	 3

6/90
prediction: 	 3
true label: 	 3

7/90
prediction: 	 1
true label: 	 1

8/90
prediction: 	 1
true label: 	 1

9/90
prediction: 	 5
true label: 	 5

10/90

Step 10, training accuracy is 1 

prediction: 	 1
true label: 	 1

11/90
prediction: 	 3
true label: 	 3

12/90
prediction: 	 1
true label: 	 1

13/90
prediction: 	 2
true label: 	 2

14/90
prediction: 	 5
true label: 	 5

15/90

Step 15, training accuracy is 1 

prediction: 	 2
true label: 	 2

16/90
prediction: 	 4
true label: 	 4

17/90
prediction: 	 3
true label: 	 3

18/90
prediction: 	 5
true label: 	 5

19/90
prediction: 	 9
true label: 	 9

20/90

Step 20, training accuracy is 1 

prediction: 	 4
true label: 	 4

21/90
prediction: 	 1
true label: 	 1

22/90
prediction: 	 4
true label: 	 4

23/90
prediction: 	 6
true label: 	 6

24/90
prediction: 	 5
true label: 	 5

25/90

Step 25, training accuracy is 1 

prediction: 	 2
true label: 	 2

26/90
prediction: 	 3
true label: 	 3

27/90
prediction: 	 2
true label: 	 2

28/90
prediction: 	 4
true label: 	 4

29/90
prediction: 	 4
true label: 	 4

30/90

Step 30, training accuracy is 1 

prediction: 	 1
true label: 	 1

31/90
prediction: 	 4
true label: 	 4

32/90
prediction: 	 3
true label: 	 3

33/90
prediction: 	 1
true label: 	 1

34/90
prediction: 	 0
true label: 	 0

35/90

Step 35, training accuracy is 1 

prediction: 	 5
true label: 	 5

36/90
prediction: 	 3
true label: 	 3

37/90
prediction: 	 6
true label: 	 6

38/90
prediction: 	 5
true label: 	 5

39/90
prediction: 	 2
true label: 	 2

40/90

Step 40, training accuracy is 1 

prediction: 	 5
true label: 	 5

41/90
prediction: 	 7
true label: 	 7

42/90
prediction: 	 7
true label: 	 7

43/90
prediction: 	 1
true label: 	 1

44/90
prediction: 	 3
true label: 	 3

45/90

Step 45, training accuracy is 1 

prediction: 	 3
true label: 	 3

46/90
prediction: 	 3
true label: 	 3

47/90
prediction: 	 2
true label: 	 2

48/90
prediction: 	 7
true label: 	 7

49/90
prediction: 	 2
true label: 	 2

50/90

Step 50, training accuracy is 1 

prediction: 	 1
true label: 	 1

51/90
prediction: 	 7
true label: 	 7

52/90
prediction: 	 1
true label: 	 1

53/90
prediction: 	 5
true label: 	 5

54/90
prediction: 	 9
true label: 	 9

55/90

Step 55, training accuracy is 1 

prediction: 	 5
true label: 	 5

56/90
prediction: 	 2
true label: 	 2

57/90
prediction: 	 1
true label: 	 1

58/90
prediction: 	 1
true label: 	 1

59/90
prediction: 	 4
true label: 	 4

60/90

Step 60, training accuracy is 1 

prediction: 	 4
true label: 	 4

61/90
prediction: 	 1
true label: 	 1

62/90
prediction: 	 1
true label: 	 1

63/90
prediction: 	 1
true label: 	 1

64/90
prediction: 	 4
true label: 	 4

65/90

Step 65, training accuracy is 1 

prediction: 	 1
true label: 	 1

66/90
prediction: 	 4
true label: 	 4

67/90
prediction: 	 4
true label: 	 4

68/90
prediction: 	 1
true label: 	 1

69/90
prediction: 	 1
true label: 	 1

70/90

Step 70, training accuracy is 1 

prediction: 	 3
true label: 	 3

71/90
prediction: 	 1
true label: 	 1

72/90
prediction: 	 9
true label: 	 9

73/90
prediction: 	 2
true label: 	 2

74/90
prediction: 	 1
true label: 	 1

75/90

Step 75, training accuracy is 1 

prediction: 	 1
true label: 	 1

76/90
prediction: 	 5
true label: 	 5

77/90
prediction: 	 8
true label: 	 8

78/90
prediction: 	 5
true label: 	 5

79/90
prediction: 	 3
true label: 	 3

80/90

Step 80, training accuracy is 1 

prediction: 	 5
true label: 	 5

81/90
prediction: 	 5
true label: 	 5

82/90
prediction: 	 4
true label: 	 4

83/90
prediction: 	 2
true label: 	 2

84/90
prediction: 	 1
true label: 	 1

85/90

Step 85, training accuracy is 1 

prediction: 	 5
true label: 	 5

86/90
prediction: 	 1
true label: 	 1

87/90
prediction: 	 1
true label: 	 1

88/90
prediction: 	 3
true label: 	 3

89/90
prediction: 	 7
true label: 	 7

